Compiling the C compiler identification source file "CMakeCCompilerId.c" failed.
Compiler: /home/grt/ls/reality/depends/rk3266/host/bin/aarch64-linux-gcc 
Build flags: 
Id flags:  

The output was:
1
as: unrecognized option '-EL'


Compiling the C compiler identification source file "CMakeCCompilerId.c" failed.
Compiler: /home/grt/ls/reality/depends/rk3266/host/bin/aarch64-linux-gcc 
Build flags: 
Id flags: -c 

The output was:
1
as: unrecognized option '-EL'


Compiling the C compiler identification source file "CMakeCCompilerId.c" failed.
Compiler: /home/grt/ls/reality/depends/rk3266/host/bin/aarch64-linux-gcc 
Build flags: 
Id flags: -Aa 

The output was:
1
<command-line>: error: missing '(' after predicate


Compiling the C compiler identification source file "CMakeCCompilerId.c" failed.
Compiler: /home/grt/ls/reality/depends/rk3266/host/bin/aarch64-linux-gcc 
Build flags: 
Id flags: -D__CLASSIC_C__ 

The output was:
1
as: unrecognized option '-EL'


Compiling the C compiler identification source file "CMakeCCompilerId.c" failed.
Compiler: /home/grt/ls/reality/depends/rk3266/host/bin/aarch64-linux-gcc 
Build flags: 
Id flags: --target=arm-arm-none-eabi;-mcpu=cortex-m3 

The output was:
1
aarch64-linux-gcc.br_real: error: unrecognized command-line option ‘--target=arm-arm-none-eabi’


Compiling the C compiler identification source file "CMakeCCompilerId.c" failed.
Compiler: /home/grt/ls/reality/depends/rk3266/host/bin/aarch64-linux-gcc 
Build flags: 
Id flags:  

The output was:
1
as: unrecognized option '-EL'


Compiling the C compiler identification source file "CMakeCCompilerId.c" failed.
Compiler: /home/grt/ls/reality/depends/rk3266/host/bin/aarch64-linux-gcc 
Build flags: 
Id flags: -c 

The output was:
1
as: unrecognized option '-EL'


Compiling the C compiler identification source file "CMakeCCompilerId.c" failed.
Compiler: /home/grt/ls/reality/depends/rk3266/host/bin/aarch64-linux-gcc 
Build flags: 
Id flags: -Aa 

The output was:
1
<command-line>: error: missing '(' after predicate


Compiling the C compiler identification source file "CMakeCCompilerId.c" failed.
Compiler: /home/grt/ls/reality/depends/rk3266/host/bin/aarch64-linux-gcc 
Build flags: 
Id flags: -D__CLASSIC_C__ 

The output was:
1
as: unrecognized option '-EL'


Compiling the C compiler identification source file "CMakeCCompilerId.c" failed.
Compiler: /home/grt/ls/reality/depends/rk3266/host/bin/aarch64-linux-gcc 
Build flags: 
Id flags: --target=arm-arm-none-eabi;-mcpu=cortex-m3 

The output was:
1
aarch64-linux-gcc.br_real: error: unrecognized command-line option ‘--target=arm-arm-none-eabi’


Checking whether the C compiler is IAR using "" did not match "IAR .+ Compiler":
aarch64-linux-gcc.br_real: fatal error: no input files
compilation terminated.
Checking whether the C compiler is IAR using "" did not match "IAR .+ Compiler":
aarch64-linux-gcc.br_real: fatal error: no input files
compilation terminated.
Compiling the CXX compiler identification source file "CMakeCXXCompilerId.cpp" failed.
Compiler: /home/grt/ls/reality/depends/rk3266/host/bin/aarch64-linux-g++ 
Build flags: 
Id flags:  

The output was:
1
as: unrecognized option '-EL'


Compiling the CXX compiler identification source file "CMakeCXXCompilerId.cpp" failed.
Compiler: /home/grt/ls/reality/depends/rk3266/host/bin/aarch64-linux-g++ 
Build flags: 
Id flags: -c 

The output was:
1
as: unrecognized option '-EL'


Compiling the CXX compiler identification source file "CMakeCXXCompilerId.cpp" failed.
Compiler: /home/grt/ls/reality/depends/rk3266/host/bin/aarch64-linux-g++ 
Build flags: 
Id flags: --c++ 

The output was:
1
aarch64-linux-g++.br_real: error: unrecognized command-line option ‘--c++’


Compiling the CXX compiler identification source file "CMakeCXXCompilerId.cpp" failed.
Compiler: /home/grt/ls/reality/depends/rk3266/host/bin/aarch64-linux-g++ 
Build flags: 
Id flags: --ec++ 

The output was:
1
aarch64-linux-g++.br_real: error: unrecognized command-line option ‘--ec++’; did you mean ‘-Weffc++’?


Compiling the CXX compiler identification source file "CMakeCXXCompilerId.cpp" failed.
Compiler: /home/grt/ls/reality/depends/rk3266/host/bin/aarch64-linux-g++ 
Build flags: 
Id flags: --target=arm-arm-none-eabi;-mcpu=cortex-m3 

The output was:
1
aarch64-linux-g++.br_real: error: unrecognized command-line option ‘--target=arm-arm-none-eabi’


Compiling the CXX compiler identification source file "CMakeCXXCompilerId.cpp" failed.
Compiler: /home/grt/ls/reality/depends/rk3266/host/bin/aarch64-linux-g++ 
Build flags: 
Id flags:  

The output was:
1
as: unrecognized option '-EL'


Compiling the CXX compiler identification source file "CMakeCXXCompilerId.cpp" failed.
Compiler: /home/grt/ls/reality/depends/rk3266/host/bin/aarch64-linux-g++ 
Build flags: 
Id flags: -c 

The output was:
1
as: unrecognized option '-EL'


Compiling the CXX compiler identification source file "CMakeCXXCompilerId.cpp" failed.
Compiler: /home/grt/ls/reality/depends/rk3266/host/bin/aarch64-linux-g++ 
Build flags: 
Id flags: --c++ 

The output was:
1
aarch64-linux-g++.br_real: error: unrecognized command-line option ‘--c++’


Compiling the CXX compiler identification source file "CMakeCXXCompilerId.cpp" failed.
Compiler: /home/grt/ls/reality/depends/rk3266/host/bin/aarch64-linux-g++ 
Build flags: 
Id flags: --ec++ 

The output was:
1
aarch64-linux-g++.br_real: error: unrecognized command-line option ‘--ec++’; did you mean ‘-Weffc++’?


Compiling the CXX compiler identification source file "CMakeCXXCompilerId.cpp" failed.
Compiler: /home/grt/ls/reality/depends/rk3266/host/bin/aarch64-linux-g++ 
Build flags: 
Id flags: --target=arm-arm-none-eabi;-mcpu=cortex-m3 

The output was:
1
aarch64-linux-g++.br_real: error: unrecognized command-line option ‘--target=arm-arm-none-eabi’


Checking whether the CXX compiler is IAR using "" did not match "IAR .+ Compiler":
aarch64-linux-g++.br_real: fatal error: no input files
compilation terminated.
Checking whether the CXX compiler is IAR using "" did not match "IAR .+ Compiler":
aarch64-linux-g++.br_real: fatal error: no input files
compilation terminated.
Determining if the C compiler works failed with the following output:
Change Dir: /home/grt/ls/reality/depends/xdsrc/tuya/arm_app/build_rk3326/CMakeFiles/CMakeTmp

Run Build Command(s):/usr/bin/make cmTC_8561a/fast && /usr/bin/make -f CMakeFiles/cmTC_8561a.dir/build.make CMakeFiles/cmTC_8561a.dir/build
make[1]: Entering directory '/home/grt/ls/reality/depends/xdsrc/tuya/arm_app/build_rk3326/CMakeFiles/CMakeTmp'
Building C object CMakeFiles/cmTC_8561a.dir/testCCompiler.c.o
/home/grt/ls/reality/depends/rk3266/host/bin/aarch64-linux-gcc   -O3 -s -Wno-multichar -o CMakeFiles/cmTC_8561a.dir/testCCompiler.c.o   -c /home/grt/ls/reality/depends/xdsrc/tuya/arm_app/build_rk3326/CMakeFiles/CMakeTmp/testCCompiler.c
as: unrecognized option '-EL'
make[1]: *** [CMakeFiles/cmTC_8561a.dir/build.make:66: CMakeFiles/cmTC_8561a.dir/testCCompiler.c.o] Error 1
make[1]: Leaving directory '/home/grt/ls/reality/depends/xdsrc/tuya/arm_app/build_rk3326/CMakeFiles/CMakeTmp'
make: *** [Makefile:121: cmTC_8561a/fast] Error 2



Performing C SOURCE FILE Test CMAKE_HAVE_LIBC_PTHREAD failed with the following output:
Change Dir: /home/grt/ls/reality/depends/xdsrc/tuya/arm_app/build_rk3326/CMakeFiles/CMakeTmp

Run Build Command(s):/usr/bin/make cmTC_dab12/fast && /usr/bin/make -f CMakeFiles/cmTC_dab12.dir/build.make CMakeFiles/cmTC_dab12.dir/build
make[1]: Entering directory '/home/grt/ls/reality/depends/xdsrc/tuya/arm_app/build_rk3326/CMakeFiles/CMakeTmp'
Building C object CMakeFiles/cmTC_dab12.dir/src.c.o
/home/grt/ls/reality/depends/rk3266/host/bin/aarch64-linux-gcc --sysroot=/home/grt/ls/reality/depends/rk3266/common/../host/aarch64-rk3326-linux-gnu/sysroot   -DCMAKE_HAVE_LIBC_PTHREAD   -O3 -s -Wno-multichar -o CMakeFiles/cmTC_dab12.dir/src.c.o   -c /home/grt/ls/reality/depends/xdsrc/tuya/arm_app/build_rk3326/CMakeFiles/CMakeTmp/src.c
Linking C executable cmTC_dab12
/usr/bin/cmake -E cmake_link_script CMakeFiles/cmTC_dab12.dir/link.txt --verbose=1
/home/grt/ls/reality/depends/rk3266/host/bin/aarch64-linux-gcc --sysroot=/home/grt/ls/reality/depends/rk3266/common/../host/aarch64-rk3326-linux-gnu/sysroot  -DCMAKE_HAVE_LIBC_PTHREAD    -rdynamic -Wl,-rpath-link,/home/grt/ls/reality/depends/rk3266/common/arm64/lib CMakeFiles/cmTC_dab12.dir/src.c.o  -o cmTC_dab12 
/home/grt/ls/reality/depends/rk3266/host/bin/../lib/gcc/aarch64-rk3326-linux-gnu/10.3.0/../../../../aarch64-rk3326-linux-gnu/bin/ld: CMakeFiles/cmTC_dab12.dir/src.c.o: in function `main':
src.c:(.text.startup+0x1c): undefined reference to `pthread_create'
/home/grt/ls/reality/depends/rk3266/host/bin/../lib/gcc/aarch64-rk3326-linux-gnu/10.3.0/../../../../aarch64-rk3326-linux-gnu/bin/ld: src.c:(.text.startup+0x24): undefined reference to `pthread_detach'
/home/grt/ls/reality/depends/rk3266/host/bin/../lib/gcc/aarch64-rk3326-linux-gnu/10.3.0/../../../../aarch64-rk3326-linux-gnu/bin/ld: src.c:(.text.startup+0x30): undefined reference to `pthread_join'
collect2: error: ld returned 1 exit status
make[1]: *** [CMakeFiles/cmTC_dab12.dir/build.make:87: cmTC_dab12] Error 1
make[1]: Leaving directory '/home/grt/ls/reality/depends/xdsrc/tuya/arm_app/build_rk3326/CMakeFiles/CMakeTmp'
make: *** [Makefile:121: cmTC_dab12/fast] Error 2


Source file was:
#include <pthread.h>

void* test_func(void* data)
{
  return data;
}

int main(void)
{
  pthread_t thread;
  pthread_create(&thread, NULL, test_func, NULL);
  pthread_detach(thread);
  pthread_join(thread, NULL);
  pthread_atfork(NULL, NULL, NULL);
  pthread_exit(NULL);

  return 0;
}

Determining if the function pthread_create exists in the pthreads failed with the following output:
Change Dir: /home/grt/ls/reality/depends/xdsrc/tuya/arm_app/build_rk3326/CMakeFiles/CMakeTmp

Run Build Command(s):/usr/bin/make cmTC_1a749/fast && /usr/bin/make -f CMakeFiles/cmTC_1a749.dir/build.make CMakeFiles/cmTC_1a749.dir/build
make[1]: Entering directory '/home/grt/ls/reality/depends/xdsrc/tuya/arm_app/build_rk3326/CMakeFiles/CMakeTmp'
Building C object CMakeFiles/cmTC_1a749.dir/CheckFunctionExists.c.o
/home/grt/ls/reality/depends/rk3266/host/bin/aarch64-linux-gcc --sysroot=/home/grt/ls/reality/depends/rk3266/common/../host/aarch64-rk3326-linux-gnu/sysroot   -DCHECK_FUNCTION_EXISTS=pthread_create   -O3 -s -Wno-multichar -o CMakeFiles/cmTC_1a749.dir/CheckFunctionExists.c.o   -c /usr/share/cmake-3.16/Modules/CheckFunctionExists.c
Linking C executable cmTC_1a749
/usr/bin/cmake -E cmake_link_script CMakeFiles/cmTC_1a749.dir/link.txt --verbose=1
/home/grt/ls/reality/depends/rk3266/host/bin/aarch64-linux-gcc --sysroot=/home/grt/ls/reality/depends/rk3266/common/../host/aarch64-rk3326-linux-gnu/sysroot  -DCHECK_FUNCTION_EXISTS=pthread_create    -rdynamic -Wl,-rpath-link,/home/grt/ls/reality/depends/rk3266/common/arm64/lib CMakeFiles/cmTC_1a749.dir/CheckFunctionExists.c.o  -o cmTC_1a749  -lpthreads 
/home/grt/ls/reality/depends/rk3266/host/bin/../lib/gcc/aarch64-rk3326-linux-gnu/10.3.0/../../../../aarch64-rk3326-linux-gnu/bin/ld: cannot find -lpthreads
collect2: error: ld returned 1 exit status
make[1]: *** [CMakeFiles/cmTC_1a749.dir/build.make:87: cmTC_1a749] Error 1
make[1]: Leaving directory '/home/grt/ls/reality/depends/xdsrc/tuya/arm_app/build_rk3326/CMakeFiles/CMakeTmp'
make: *** [Makefile:121: cmTC_1a749/fast] Error 2



