The target system is: Linux -  - arm
The host system is: Linux - 5.15.153.1-microsoft-standard-WSL2 - x86_64
Compiling the C compiler identification source file "CMakeCCompilerId.c" succeeded.
Compiler: /home/grt/ls/reality/depends/rk3266/host/bin/aarch64-linux-gcc 
Build flags: 
Id flags:  

The output was:
0


Compilation of the C compiler identification source "CMakeCCompilerId.c" produced "a.out"

The C compiler identification is GNU, found in "/home/grt/ls/reality/depends/xdsrc/tuya/arm_app/build_rk3326/CMakeFiles/3.16.3/CompilerIdC/a.out"

Compiling the CXX compiler identification source file "CMakeCXXCompilerId.cpp" succeeded.
Compiler: /home/grt/ls/reality/depends/rk3266/host/bin/aarch64-linux-g++ 
Build flags: 
Id flags:  

The output was:
0


Compilation of the CXX compiler identification source "CMakeCXXCompilerId.cpp" produced "a.out"

The CXX compiler identification is GNU, found in "/home/grt/ls/reality/depends/xdsrc/tuya/arm_app/build_rk3326/CMakeFiles/3.16.3/CompilerIdCXX/a.out"

Determining if the C compiler works passed with the following output:
Change Dir: /home/grt/ls/reality/depends/xdsrc/tuya/arm_app/build_rk3326/CMakeFiles/CMakeTmp

Run Build Command(s):/usr/bin/make cmTC_b0d7a/fast && /usr/bin/make -f CMakeFiles/cmTC_b0d7a.dir/build.make CMakeFiles/cmTC_b0d7a.dir/build
make[1]: Entering directory '/home/grt/ls/reality/depends/xdsrc/tuya/arm_app/build_rk3326/CMakeFiles/CMakeTmp'
Building C object CMakeFiles/cmTC_b0d7a.dir/testCCompiler.c.o
/home/grt/ls/reality/depends/rk3266/host/bin/aarch64-linux-gcc --sysroot=/home/grt/ls/reality/depends/rk3266/common/../host/aarch64-rk3326-linux-gnu/sysroot   -O3 -s -Wno-multichar -o CMakeFiles/cmTC_b0d7a.dir/testCCompiler.c.o   -c /home/grt/ls/reality/depends/xdsrc/tuya/arm_app/build_rk3326/CMakeFiles/CMakeTmp/testCCompiler.c
Linking C executable cmTC_b0d7a
/usr/bin/cmake -E cmake_link_script CMakeFiles/cmTC_b0d7a.dir/link.txt --verbose=1
/home/grt/ls/reality/depends/rk3266/host/bin/aarch64-linux-gcc --sysroot=/home/grt/ls/reality/depends/rk3266/common/../host/aarch64-rk3326-linux-gnu/sysroot      -rdynamic -Wl,-rpath-link,/home/grt/ls/reality/depends/rk3266/common/arm64/lib CMakeFiles/cmTC_b0d7a.dir/testCCompiler.c.o  -o cmTC_b0d7a 
make[1]: Leaving directory '/home/grt/ls/reality/depends/xdsrc/tuya/arm_app/build_rk3326/CMakeFiles/CMakeTmp'



Detecting C compiler ABI info compiled with the following output:
Change Dir: /home/grt/ls/reality/depends/xdsrc/tuya/arm_app/build_rk3326/CMakeFiles/CMakeTmp

Run Build Command(s):/usr/bin/make cmTC_42179/fast && /usr/bin/make -f CMakeFiles/cmTC_42179.dir/build.make CMakeFiles/cmTC_42179.dir/build
make[1]: Entering directory '/home/grt/ls/reality/depends/xdsrc/tuya/arm_app/build_rk3326/CMakeFiles/CMakeTmp'
Building C object CMakeFiles/cmTC_42179.dir/CMakeCCompilerABI.c.o
/home/grt/ls/reality/depends/rk3266/host/bin/aarch64-linux-gcc --sysroot=/home/grt/ls/reality/depends/rk3266/common/../host/aarch64-rk3326-linux-gnu/sysroot   -v -O3 -s -Wno-multichar -o CMakeFiles/cmTC_42179.dir/CMakeCCompilerABI.c.o   -c /usr/share/cmake-3.16/Modules/CMakeCCompilerABI.c
Using built-in specs.
COLLECT_GCC=/home/grt/ls/reality/depends/rk3266/host/bin/aarch64-linux-gcc.br_real
Target: aarch64-rk3326-linux-gnu
Configured with: ./configure --prefix=/home/grt/rockchip/rk3326/rk3326_linux/RK3326_Linux_SDK_RELEASE/3326/buildroot/output/rockchip_rk3326_robot64_no_gpu/host --sysconfdir=/home/grt/rockchip/rk3326/rk3326_linux/RK3326_Linux_SDK_RELEASE/3326/buildroot/output/rockchip_rk3326_robot64_no_gpu/host/etc --enable-static --target=aarch64-rk3326-linux-gnu --with-sysroot=/home/grt/rockchip/rk3326/rk3326_linux/RK3326_Linux_SDK_RELEASE/3326/buildroot/output/rockchip_rk3326_robot64_no_gpu/host/aarch64-rk3326-linux-gnu/sysroot --enable-__cxa_atexit --with-gnu-ld --disable-libssp --disable-multilib --disable-decimal-float --with-gmp=/home/grt/rockchip/rk3326/rk3326_linux/RK3326_Linux_SDK_RELEASE/3326/buildroot/output/rockchip_rk3326_robot64_no_gpu/host --with-mpc=/home/grt/rockchip/rk3326/rk3326_linux/RK3326_Linux_SDK_RELEASE/3326/buildroot/output/rockchip_rk3326_robot64_no_gpu/host --with-mpfr=/home/grt/rockchip/rk3326/rk3326_linux/RK3326_Linux_SDK_RELEASE/3326/buildroot/output/rockchip_rk3326_robot64_no_gpu/host --with-pkgversion='Buildroot 2018.02-rc3-dirty' --with-bugurl=http://bugs.buildroot.net/ --without-zstd --disable-libquadmath --disable-libquadmath-support --enable-tls --enable-threads --without-isl --without-cloog --with-abi=lp64 --with-cpu=cortex-a35 --enable-languages=c,c++,fortran --with-build-time-tools=/home/grt/rockchip/rk3326/rk3326_linux/RK3326_Linux_SDK_RELEASE/3326/buildroot/output/rockchip_rk3326_robot64_no_gpu/host/aarch64-rk3326-linux-gnu/bin --enable-shared --enable-libgomp
Thread model: posix
Supported LTO compression algorithms: zlib
gcc version 10.3.0 (Buildroot 2018.02-rc3-dirty) 
COLLECT_GCC_OPTIONS='-v' '-O3' '-s' '-Wno-multichar' '-o' 'CMakeFiles/cmTC_42179.dir/CMakeCCompilerABI.c.o' '-c' '-mcpu=cortex-a35' '-mlittle-endian' '-mabi=lp64'
 /home/grt/ls/reality/depends/rk3266/host/bin/../libexec/gcc/aarch64-rk3326-linux-gnu/10.3.0/cc1 -quiet -v -iprefix /home/grt/ls/reality/depends/rk3266/host/bin/../lib/gcc/aarch64-rk3326-linux-gnu/10.3.0/ -isysroot /home/grt/ls/reality/depends/rk3266/common/../host/aarch64-rk3326-linux-gnu/sysroot /usr/share/cmake-3.16/Modules/CMakeCCompilerABI.c -quiet -dumpbase CMakeCCompilerABI.c -mcpu=cortex-a35 -mlittle-endian -mabi=lp64 -auxbase-strip CMakeFiles/cmTC_42179.dir/CMakeCCompilerABI.c.o -O3 -Wno-multichar -version -o /tmp/ccKVvirY.s
GNU C17 (Buildroot 2018.02-rc3-dirty) version 10.3.0 (aarch64-rk3326-linux-gnu)
	compiled by GNU C version 7.5.0, GMP version 6.1.2, MPFR version 3.1.6, MPC version 1.0.3, isl version none
GGC heuristics: --param ggc-min-expand=100 --param ggc-min-heapsize=131072
ignoring duplicate directory "/home/grt/ls/reality/depends/rk3266/host/bin/../lib/gcc/../../lib/gcc/aarch64-rk3326-linux-gnu/10.3.0/include"
ignoring nonexistent directory "/home/grt/ls/reality/depends/rk3266/common/../host/aarch64-rk3326-linux-gnu/sysroot/usr/local/include"
ignoring duplicate directory "/home/grt/ls/reality/depends/rk3266/host/bin/../lib/gcc/../../lib/gcc/aarch64-rk3326-linux-gnu/10.3.0/include-fixed"
ignoring duplicate directory "/home/grt/ls/reality/depends/rk3266/host/bin/../lib/gcc/../../lib/gcc/aarch64-rk3326-linux-gnu/10.3.0/../../../../aarch64-rk3326-linux-gnu/include"
#include "..." search starts here:
#include <...> search starts here:
 /home/grt/ls/reality/depends/rk3266/host/bin/../lib/gcc/aarch64-rk3326-linux-gnu/10.3.0/include
 /home/grt/ls/reality/depends/rk3266/host/bin/../lib/gcc/aarch64-rk3326-linux-gnu/10.3.0/include-fixed
 /home/grt/ls/reality/depends/rk3266/host/bin/../lib/gcc/aarch64-rk3326-linux-gnu/10.3.0/../../../../aarch64-rk3326-linux-gnu/include
 /home/grt/ls/reality/depends/rk3266/common/../host/aarch64-rk3326-linux-gnu/sysroot/usr/include
End of search list.
GNU C17 (Buildroot 2018.02-rc3-dirty) version 10.3.0 (aarch64-rk3326-linux-gnu)
	compiled by GNU C version 7.5.0, GMP version 6.1.2, MPFR version 3.1.6, MPC version 1.0.3, isl version none
GGC heuristics: --param ggc-min-expand=100 --param ggc-min-heapsize=131072
Compiler executable checksum: 3c3ab71b7991186c0dd8dddcfd75eca0
COLLECT_GCC_OPTIONS='-v' '-O3' '-s' '-Wno-multichar' '-o' 'CMakeFiles/cmTC_42179.dir/CMakeCCompilerABI.c.o' '-c' '-mcpu=cortex-a35' '-mlittle-endian' '-mabi=lp64'
 /home/grt/ls/reality/depends/rk3266/host/bin/../lib/gcc/aarch64-rk3326-linux-gnu/10.3.0/../../../../aarch64-rk3326-linux-gnu/bin/as -v -EL -march=armv8-a+crc -mabi=lp64 -o CMakeFiles/cmTC_42179.dir/CMakeCCompilerABI.c.o /tmp/ccKVvirY.s
GNU assembler version 2.36.1 (aarch64-rk3326-linux-gnu) using BFD version (GNU Binutils) 2.36.1
COMPILER_PATH=/home/grt/ls/reality/depends/rk3266/host/bin/../libexec/gcc/aarch64-rk3326-linux-gnu/10.3.0/:/home/grt/ls/reality/depends/rk3266/host/bin/../libexec/gcc/:/home/grt/ls/reality/depends/rk3266/host/bin/../lib/gcc/aarch64-rk3326-linux-gnu/10.3.0/../../../../aarch64-rk3326-linux-gnu/bin/
LIBRARY_PATH=/home/grt/ls/reality/depends/rk3266/host/bin/../lib/gcc/aarch64-rk3326-linux-gnu/10.3.0/:/home/grt/ls/reality/depends/rk3266/host/bin/../lib/gcc/:/home/grt/ls/reality/depends/rk3266/host/bin/../lib/gcc/aarch64-rk3326-linux-gnu/10.3.0/../../../../aarch64-rk3326-linux-gnu/lib/../lib64/:/home/grt/ls/reality/depends/rk3266/common/../host/aarch64-rk3326-linux-gnu/sysroot/lib/../lib64/:/home/grt/ls/reality/depends/rk3266/common/../host/aarch64-rk3326-linux-gnu/sysroot/usr/lib/../lib64/:/home/grt/ls/reality/depends/rk3266/host/bin/../lib/gcc/aarch64-rk3326-linux-gnu/10.3.0/../../../../aarch64-rk3326-linux-gnu/lib/:/home/grt/ls/reality/depends/rk3266/common/../host/aarch64-rk3326-linux-gnu/sysroot/lib/:/home/grt/ls/reality/depends/rk3266/common/../host/aarch64-rk3326-linux-gnu/sysroot/usr/lib/
COLLECT_GCC_OPTIONS='-v' '-O3' '-s' '-Wno-multichar' '-o' 'CMakeFiles/cmTC_42179.dir/CMakeCCompilerABI.c.o' '-c' '-mcpu=cortex-a35' '-mlittle-endian' '-mabi=lp64'
Linking C executable cmTC_42179
/usr/bin/cmake -E cmake_link_script CMakeFiles/cmTC_42179.dir/link.txt --verbose=1
/home/grt/ls/reality/depends/rk3266/host/bin/aarch64-linux-gcc --sysroot=/home/grt/ls/reality/depends/rk3266/common/../host/aarch64-rk3326-linux-gnu/sysroot     -v -rdynamic -Wl,-rpath-link,/home/grt/ls/reality/depends/rk3266/common/arm64/lib CMakeFiles/cmTC_42179.dir/CMakeCCompilerABI.c.o  -o cmTC_42179 
Using built-in specs.
COLLECT_GCC=/home/grt/ls/reality/depends/rk3266/host/bin/aarch64-linux-gcc.br_real
COLLECT_LTO_WRAPPER=/home/grt/ls/reality/depends/rk3266/host/bin/../libexec/gcc/aarch64-rk3326-linux-gnu/10.3.0/lto-wrapper
Target: aarch64-rk3326-linux-gnu
Configured with: ./configure --prefix=/home/grt/rockchip/rk3326/rk3326_linux/RK3326_Linux_SDK_RELEASE/3326/buildroot/output/rockchip_rk3326_robot64_no_gpu/host --sysconfdir=/home/grt/rockchip/rk3326/rk3326_linux/RK3326_Linux_SDK_RELEASE/3326/buildroot/output/rockchip_rk3326_robot64_no_gpu/host/etc --enable-static --target=aarch64-rk3326-linux-gnu --with-sysroot=/home/grt/rockchip/rk3326/rk3326_linux/RK3326_Linux_SDK_RELEASE/3326/buildroot/output/rockchip_rk3326_robot64_no_gpu/host/aarch64-rk3326-linux-gnu/sysroot --enable-__cxa_atexit --with-gnu-ld --disable-libssp --disable-multilib --disable-decimal-float --with-gmp=/home/grt/rockchip/rk3326/rk3326_linux/RK3326_Linux_SDK_RELEASE/3326/buildroot/output/rockchip_rk3326_robot64_no_gpu/host --with-mpc=/home/grt/rockchip/rk3326/rk3326_linux/RK3326_Linux_SDK_RELEASE/3326/buildroot/output/rockchip_rk3326_robot64_no_gpu/host --with-mpfr=/home/grt/rockchip/rk3326/rk3326_linux/RK3326_Linux_SDK_RELEASE/3326/buildroot/output/rockchip_rk3326_robot64_no_gpu/host --with-pkgversion='Buildroot 2018.02-rc3-dirty' --with-bugurl=http://bugs.buildroot.net/ --without-zstd --disable-libquadmath --disable-libquadmath-support --enable-tls --enable-threads --without-isl --without-cloog --with-abi=lp64 --with-cpu=cortex-a35 --enable-languages=c,c++,fortran --with-build-time-tools=/home/grt/rockchip/rk3326/rk3326_linux/RK3326_Linux_SDK_RELEASE/3326/buildroot/output/rockchip_rk3326_robot64_no_gpu/host/aarch64-rk3326-linux-gnu/bin --enable-shared --enable-libgomp
Thread model: posix
Supported LTO compression algorithms: zlib
gcc version 10.3.0 (Buildroot 2018.02-rc3-dirty) 
COMPILER_PATH=/home/grt/ls/reality/depends/rk3266/host/bin/../libexec/gcc/aarch64-rk3326-linux-gnu/10.3.0/:/home/grt/ls/reality/depends/rk3266/host/bin/../libexec/gcc/:/home/grt/ls/reality/depends/rk3266/host/bin/../lib/gcc/aarch64-rk3326-linux-gnu/10.3.0/../../../../aarch64-rk3326-linux-gnu/bin/
LIBRARY_PATH=/home/grt/ls/reality/depends/rk3266/host/bin/../lib/gcc/aarch64-rk3326-linux-gnu/10.3.0/:/home/grt/ls/reality/depends/rk3266/host/bin/../lib/gcc/:/home/grt/ls/reality/depends/rk3266/host/bin/../lib/gcc/aarch64-rk3326-linux-gnu/10.3.0/../../../../aarch64-rk3326-linux-gnu/lib/../lib64/:/home/grt/ls/reality/depends/rk3266/common/../host/aarch64-rk3326-linux-gnu/sysroot/lib/../lib64/:/home/grt/ls/reality/depends/rk3266/common/../host/aarch64-rk3326-linux-gnu/sysroot/usr/lib/../lib64/:/home/grt/ls/reality/depends/rk3266/host/bin/../lib/gcc/aarch64-rk3326-linux-gnu/10.3.0/../../../../aarch64-rk3326-linux-gnu/lib/:/home/grt/ls/reality/depends/rk3266/common/../host/aarch64-rk3326-linux-gnu/sysroot/lib/:/home/grt/ls/reality/depends/rk3266/common/../host/aarch64-rk3326-linux-gnu/sysroot/usr/lib/
COLLECT_GCC_OPTIONS='-v' '-rdynamic' '-o' 'cmTC_42179' '-mcpu=cortex-a35' '-mlittle-endian' '-mabi=lp64'
 /home/grt/ls/reality/depends/rk3266/host/bin/../libexec/gcc/aarch64-rk3326-linux-gnu/10.3.0/collect2 -plugin /home/grt/ls/reality/depends/rk3266/host/bin/../libexec/gcc/aarch64-rk3326-linux-gnu/10.3.0/liblto_plugin.so -plugin-opt=/home/grt/ls/reality/depends/rk3266/host/bin/../libexec/gcc/aarch64-rk3326-linux-gnu/10.3.0/lto-wrapper -plugin-opt=-fresolution=/tmp/ccyPkvwu.res -plugin-opt=-pass-through=-lgcc -plugin-opt=-pass-through=-lgcc_s -plugin-opt=-pass-through=-lc -plugin-opt=-pass-through=-lgcc -plugin-opt=-pass-through=-lgcc_s --sysroot=/home/grt/ls/reality/depends/rk3266/common/../host/aarch64-rk3326-linux-gnu/sysroot --eh-frame-hdr -export-dynamic -dynamic-linker /lib/ld-linux-aarch64.so.1 -X -EL -maarch64linux -o cmTC_42179 /home/grt/ls/reality/depends/rk3266/common/../host/aarch64-rk3326-linux-gnu/sysroot/usr/lib/../lib64/crt1.o /home/grt/ls/reality/depends/rk3266/common/../host/aarch64-rk3326-linux-gnu/sysroot/usr/lib/../lib64/crti.o /home/grt/ls/reality/depends/rk3266/host/bin/../lib/gcc/aarch64-rk3326-linux-gnu/10.3.0/crtbegin.o -L/home/grt/ls/reality/depends/rk3266/host/bin/../lib/gcc/aarch64-rk3326-linux-gnu/10.3.0 -L/home/grt/ls/reality/depends/rk3266/host/bin/../lib/gcc -L/home/grt/ls/reality/depends/rk3266/host/bin/../lib/gcc/aarch64-rk3326-linux-gnu/10.3.0/../../../../aarch64-rk3326-linux-gnu/lib/../lib64 -L/home/grt/ls/reality/depends/rk3266/common/../host/aarch64-rk3326-linux-gnu/sysroot/lib/../lib64 -L/home/grt/ls/reality/depends/rk3266/common/../host/aarch64-rk3326-linux-gnu/sysroot/usr/lib/../lib64 -L/home/grt/ls/reality/depends/rk3266/host/bin/../lib/gcc/aarch64-rk3326-linux-gnu/10.3.0/../../../../aarch64-rk3326-linux-gnu/lib -L/home/grt/ls/reality/depends/rk3266/common/../host/aarch64-rk3326-linux-gnu/sysroot/lib -L/home/grt/ls/reality/depends/rk3266/common/../host/aarch64-rk3326-linux-gnu/sysroot/usr/lib -rpath-link /home/grt/ls/reality/depends/rk3266/common/arm64/lib CMakeFiles/cmTC_42179.dir/CMakeCCompilerABI.c.o -lgcc --push-state --as-needed -lgcc_s --pop-state -lc -lgcc --push-state --as-needed -lgcc_s --pop-state /home/grt/ls/reality/depends/rk3266/host/bin/../lib/gcc/aarch64-rk3326-linux-gnu/10.3.0/crtend.o /home/grt/ls/reality/depends/rk3266/common/../host/aarch64-rk3326-linux-gnu/sysroot/usr/lib/../lib64/crtn.o
COLLECT_GCC_OPTIONS='-v' '-rdynamic' '-o' 'cmTC_42179' '-mcpu=cortex-a35' '-mlittle-endian' '-mabi=lp64'
make[1]: Leaving directory '/home/grt/ls/reality/depends/xdsrc/tuya/arm_app/build_rk3326/CMakeFiles/CMakeTmp'



Parsed C implicit include dir info from above output: rv=done
  found start of include info
  found start of implicit include info
    add: [/home/grt/ls/reality/depends/rk3266/host/bin/../lib/gcc/aarch64-rk3326-linux-gnu/10.3.0/include]
    add: [/home/grt/ls/reality/depends/rk3266/host/bin/../lib/gcc/aarch64-rk3326-linux-gnu/10.3.0/include-fixed]
    add: [/home/grt/ls/reality/depends/rk3266/host/bin/../lib/gcc/aarch64-rk3326-linux-gnu/10.3.0/../../../../aarch64-rk3326-linux-gnu/include]
    add: [/home/grt/ls/reality/depends/rk3266/common/../host/aarch64-rk3326-linux-gnu/sysroot/usr/include]
  end of search list found
  collapse include dir [/home/grt/ls/reality/depends/rk3266/host/bin/../lib/gcc/aarch64-rk3326-linux-gnu/10.3.0/include] ==> [/home/grt/ls/reality/depends/rk3266/host/lib/gcc/aarch64-rk3326-linux-gnu/10.3.0/include]
  collapse include dir [/home/grt/ls/reality/depends/rk3266/host/bin/../lib/gcc/aarch64-rk3326-linux-gnu/10.3.0/include-fixed] ==> [/home/grt/ls/reality/depends/rk3266/host/lib/gcc/aarch64-rk3326-linux-gnu/10.3.0/include-fixed]
  collapse include dir [/home/grt/ls/reality/depends/rk3266/host/bin/../lib/gcc/aarch64-rk3326-linux-gnu/10.3.0/../../../../aarch64-rk3326-linux-gnu/include] ==> [/home/grt/ls/reality/depends/rk3266/host/aarch64-rk3326-linux-gnu/include]
  collapse include dir [/home/grt/ls/reality/depends/rk3266/common/../host/aarch64-rk3326-linux-gnu/sysroot/usr/include] ==> [/home/grt/ls/reality/depends/rk3266/host/aarch64-rk3326-linux-gnu/sysroot/usr/include]
  implicit include dirs: [/home/grt/ls/reality/depends/rk3266/host/lib/gcc/aarch64-rk3326-linux-gnu/10.3.0/include;/home/grt/ls/reality/depends/rk3266/host/lib/gcc/aarch64-rk3326-linux-gnu/10.3.0/include-fixed;/home/grt/ls/reality/depends/rk3266/host/aarch64-rk3326-linux-gnu/include;/home/grt/ls/reality/depends/rk3266/host/aarch64-rk3326-linux-gnu/sysroot/usr/include]


Parsed C implicit link information from above output:
  link line regex: [^( *|.*[/\])(ld|CMAKE_LINK_STARTFILE-NOTFOUND|([^/\]+-)?ld|collect2)[^/\]*( |$)]
  ignore line: [Change Dir: /home/grt/ls/reality/depends/xdsrc/tuya/arm_app/build_rk3326/CMakeFiles/CMakeTmp]
  ignore line: []
  ignore line: [Run Build Command(s):/usr/bin/make cmTC_42179/fast && /usr/bin/make -f CMakeFiles/cmTC_42179.dir/build.make CMakeFiles/cmTC_42179.dir/build]
  ignore line: [make[1]: Entering directory '/home/grt/ls/reality/depends/xdsrc/tuya/arm_app/build_rk3326/CMakeFiles/CMakeTmp']
  ignore line: [Building C object CMakeFiles/cmTC_42179.dir/CMakeCCompilerABI.c.o]
  ignore line: [/home/grt/ls/reality/depends/rk3266/host/bin/aarch64-linux-gcc --sysroot=/home/grt/ls/reality/depends/rk3266/common/../host/aarch64-rk3326-linux-gnu/sysroot   -v -O3 -s -Wno-multichar -o CMakeFiles/cmTC_42179.dir/CMakeCCompilerABI.c.o   -c /usr/share/cmake-3.16/Modules/CMakeCCompilerABI.c]
  ignore line: [Using built-in specs.]
  ignore line: [COLLECT_GCC=/home/grt/ls/reality/depends/rk3266/host/bin/aarch64-linux-gcc.br_real]
  ignore line: [Target: aarch64-rk3326-linux-gnu]
  ignore line: [Configured with: ./configure --prefix=/home/grt/rockchip/rk3326/rk3326_linux/RK3326_Linux_SDK_RELEASE/3326/buildroot/output/rockchip_rk3326_robot64_no_gpu/host --sysconfdir=/home/grt/rockchip/rk3326/rk3326_linux/RK3326_Linux_SDK_RELEASE/3326/buildroot/output/rockchip_rk3326_robot64_no_gpu/host/etc --enable-static --target=aarch64-rk3326-linux-gnu --with-sysroot=/home/grt/rockchip/rk3326/rk3326_linux/RK3326_Linux_SDK_RELEASE/3326/buildroot/output/rockchip_rk3326_robot64_no_gpu/host/aarch64-rk3326-linux-gnu/sysroot --enable-__cxa_atexit --with-gnu-ld --disable-libssp --disable-multilib --disable-decimal-float --with-gmp=/home/grt/rockchip/rk3326/rk3326_linux/RK3326_Linux_SDK_RELEASE/3326/buildroot/output/rockchip_rk3326_robot64_no_gpu/host --with-mpc=/home/grt/rockchip/rk3326/rk3326_linux/RK3326_Linux_SDK_RELEASE/3326/buildroot/output/rockchip_rk3326_robot64_no_gpu/host --with-mpfr=/home/grt/rockchip/rk3326/rk3326_linux/RK3326_Linux_SDK_RELEASE/3326/buildroot/output/rockchip_rk3326_robot64_no_gpu/host --with-pkgversion='Buildroot 2018.02-rc3-dirty' --with-bugurl=http://bugs.buildroot.net/ --without-zstd --disable-libquadmath --disable-libquadmath-support --enable-tls --enable-threads --without-isl --without-cloog --with-abi=lp64 --with-cpu=cortex-a35 --enable-languages=c,c++,fortran --with-build-time-tools=/home/grt/rockchip/rk3326/rk3326_linux/RK3326_Linux_SDK_RELEASE/3326/buildroot/output/rockchip_rk3326_robot64_no_gpu/host/aarch64-rk3326-linux-gnu/bin --enable-shared --enable-libgomp]
  ignore line: [Thread model: posix]
  ignore line: [Supported LTO compression algorithms: zlib]
  ignore line: [gcc version 10.3.0 (Buildroot 2018.02-rc3-dirty) ]
  ignore line: [COLLECT_GCC_OPTIONS='-v' '-O3' '-s' '-Wno-multichar' '-o' 'CMakeFiles/cmTC_42179.dir/CMakeCCompilerABI.c.o' '-c' '-mcpu=cortex-a35' '-mlittle-endian' '-mabi=lp64']
  ignore line: [ /home/grt/ls/reality/depends/rk3266/host/bin/../libexec/gcc/aarch64-rk3326-linux-gnu/10.3.0/cc1 -quiet -v -iprefix /home/grt/ls/reality/depends/rk3266/host/bin/../lib/gcc/aarch64-rk3326-linux-gnu/10.3.0/ -isysroot /home/grt/ls/reality/depends/rk3266/common/../host/aarch64-rk3326-linux-gnu/sysroot /usr/share/cmake-3.16/Modules/CMakeCCompilerABI.c -quiet -dumpbase CMakeCCompilerABI.c -mcpu=cortex-a35 -mlittle-endian -mabi=lp64 -auxbase-strip CMakeFiles/cmTC_42179.dir/CMakeCCompilerABI.c.o -O3 -Wno-multichar -version -o /tmp/ccKVvirY.s]
  ignore line: [GNU C17 (Buildroot 2018.02-rc3-dirty) version 10.3.0 (aarch64-rk3326-linux-gnu)]
  ignore line: [	compiled by GNU C version 7.5.0  GMP version 6.1.2  MPFR version 3.1.6  MPC version 1.0.3  isl version none]
  ignore line: [GGC heuristics: --param ggc-min-expand=100 --param ggc-min-heapsize=131072]
  ignore line: [ignoring duplicate directory "/home/grt/ls/reality/depends/rk3266/host/bin/../lib/gcc/../../lib/gcc/aarch64-rk3326-linux-gnu/10.3.0/include"]
  ignore line: [ignoring nonexistent directory "/home/grt/ls/reality/depends/rk3266/common/../host/aarch64-rk3326-linux-gnu/sysroot/usr/local/include"]
  ignore line: [ignoring duplicate directory "/home/grt/ls/reality/depends/rk3266/host/bin/../lib/gcc/../../lib/gcc/aarch64-rk3326-linux-gnu/10.3.0/include-fixed"]
  ignore line: [ignoring duplicate directory "/home/grt/ls/reality/depends/rk3266/host/bin/../lib/gcc/../../lib/gcc/aarch64-rk3326-linux-gnu/10.3.0/../../../../aarch64-rk3326-linux-gnu/include"]
  ignore line: [#include "..." search starts here:]
  ignore line: [#include <...> search starts here:]
  ignore line: [ /home/grt/ls/reality/depends/rk3266/host/bin/../lib/gcc/aarch64-rk3326-linux-gnu/10.3.0/include]
  ignore line: [ /home/grt/ls/reality/depends/rk3266/host/bin/../lib/gcc/aarch64-rk3326-linux-gnu/10.3.0/include-fixed]
  ignore line: [ /home/grt/ls/reality/depends/rk3266/host/bin/../lib/gcc/aarch64-rk3326-linux-gnu/10.3.0/../../../../aarch64-rk3326-linux-gnu/include]
  ignore line: [ /home/grt/ls/reality/depends/rk3266/common/../host/aarch64-rk3326-linux-gnu/sysroot/usr/include]
  ignore line: [End of search list.]
  ignore line: [GNU C17 (Buildroot 2018.02-rc3-dirty) version 10.3.0 (aarch64-rk3326-linux-gnu)]
  ignore line: [	compiled by GNU C version 7.5.0  GMP version 6.1.2  MPFR version 3.1.6  MPC version 1.0.3  isl version none]
  ignore line: [GGC heuristics: --param ggc-min-expand=100 --param ggc-min-heapsize=131072]
  ignore line: [Compiler executable checksum: 3c3ab71b7991186c0dd8dddcfd75eca0]
  ignore line: [COLLECT_GCC_OPTIONS='-v' '-O3' '-s' '-Wno-multichar' '-o' 'CMakeFiles/cmTC_42179.dir/CMakeCCompilerABI.c.o' '-c' '-mcpu=cortex-a35' '-mlittle-endian' '-mabi=lp64']
  ignore line: [ /home/grt/ls/reality/depends/rk3266/host/bin/../lib/gcc/aarch64-rk3326-linux-gnu/10.3.0/../../../../aarch64-rk3326-linux-gnu/bin/as -v -EL -march=armv8-a+crc -mabi=lp64 -o CMakeFiles/cmTC_42179.dir/CMakeCCompilerABI.c.o /tmp/ccKVvirY.s]
  ignore line: [GNU assembler version 2.36.1 (aarch64-rk3326-linux-gnu) using BFD version (GNU Binutils) 2.36.1]
  ignore line: [COMPILER_PATH=/home/grt/ls/reality/depends/rk3266/host/bin/../libexec/gcc/aarch64-rk3326-linux-gnu/10.3.0/:/home/grt/ls/reality/depends/rk3266/host/bin/../libexec/gcc/:/home/grt/ls/reality/depends/rk3266/host/bin/../lib/gcc/aarch64-rk3326-linux-gnu/10.3.0/../../../../aarch64-rk3326-linux-gnu/bin/]
  ignore line: [LIBRARY_PATH=/home/grt/ls/reality/depends/rk3266/host/bin/../lib/gcc/aarch64-rk3326-linux-gnu/10.3.0/:/home/grt/ls/reality/depends/rk3266/host/bin/../lib/gcc/:/home/grt/ls/reality/depends/rk3266/host/bin/../lib/gcc/aarch64-rk3326-linux-gnu/10.3.0/../../../../aarch64-rk3326-linux-gnu/lib/../lib64/:/home/grt/ls/reality/depends/rk3266/common/../host/aarch64-rk3326-linux-gnu/sysroot/lib/../lib64/:/home/grt/ls/reality/depends/rk3266/common/../host/aarch64-rk3326-linux-gnu/sysroot/usr/lib/../lib64/:/home/grt/ls/reality/depends/rk3266/host/bin/../lib/gcc/aarch64-rk3326-linux-gnu/10.3.0/../../../../aarch64-rk3326-linux-gnu/lib/:/home/grt/ls/reality/depends/rk3266/common/../host/aarch64-rk3326-linux-gnu/sysroot/lib/:/home/grt/ls/reality/depends/rk3266/common/../host/aarch64-rk3326-linux-gnu/sysroot/usr/lib/]
  ignore line: [COLLECT_GCC_OPTIONS='-v' '-O3' '-s' '-Wno-multichar' '-o' 'CMakeFiles/cmTC_42179.dir/CMakeCCompilerABI.c.o' '-c' '-mcpu=cortex-a35' '-mlittle-endian' '-mabi=lp64']
  ignore line: [Linking C executable cmTC_42179]
  ignore line: [/usr/bin/cmake -E cmake_link_script CMakeFiles/cmTC_42179.dir/link.txt --verbose=1]
  ignore line: [/home/grt/ls/reality/depends/rk3266/host/bin/aarch64-linux-gcc --sysroot=/home/grt/ls/reality/depends/rk3266/common/../host/aarch64-rk3326-linux-gnu/sysroot     -v -rdynamic -Wl -rpath-link /home/grt/ls/reality/depends/rk3266/common/arm64/lib CMakeFiles/cmTC_42179.dir/CMakeCCompilerABI.c.o  -o cmTC_42179 ]
  ignore line: [Using built-in specs.]
  ignore line: [COLLECT_GCC=/home/grt/ls/reality/depends/rk3266/host/bin/aarch64-linux-gcc.br_real]
  ignore line: [COLLECT_LTO_WRAPPER=/home/grt/ls/reality/depends/rk3266/host/bin/../libexec/gcc/aarch64-rk3326-linux-gnu/10.3.0/lto-wrapper]
  ignore line: [Target: aarch64-rk3326-linux-gnu]
  ignore line: [Configured with: ./configure --prefix=/home/grt/rockchip/rk3326/rk3326_linux/RK3326_Linux_SDK_RELEASE/3326/buildroot/output/rockchip_rk3326_robot64_no_gpu/host --sysconfdir=/home/grt/rockchip/rk3326/rk3326_linux/RK3326_Linux_SDK_RELEASE/3326/buildroot/output/rockchip_rk3326_robot64_no_gpu/host/etc --enable-static --target=aarch64-rk3326-linux-gnu --with-sysroot=/home/grt/rockchip/rk3326/rk3326_linux/RK3326_Linux_SDK_RELEASE/3326/buildroot/output/rockchip_rk3326_robot64_no_gpu/host/aarch64-rk3326-linux-gnu/sysroot --enable-__cxa_atexit --with-gnu-ld --disable-libssp --disable-multilib --disable-decimal-float --with-gmp=/home/grt/rockchip/rk3326/rk3326_linux/RK3326_Linux_SDK_RELEASE/3326/buildroot/output/rockchip_rk3326_robot64_no_gpu/host --with-mpc=/home/grt/rockchip/rk3326/rk3326_linux/RK3326_Linux_SDK_RELEASE/3326/buildroot/output/rockchip_rk3326_robot64_no_gpu/host --with-mpfr=/home/grt/rockchip/rk3326/rk3326_linux/RK3326_Linux_SDK_RELEASE/3326/buildroot/output/rockchip_rk3326_robot64_no_gpu/host --with-pkgversion='Buildroot 2018.02-rc3-dirty' --with-bugurl=http://bugs.buildroot.net/ --without-zstd --disable-libquadmath --disable-libquadmath-support --enable-tls --enable-threads --without-isl --without-cloog --with-abi=lp64 --with-cpu=cortex-a35 --enable-languages=c,c++,fortran --with-build-time-tools=/home/grt/rockchip/rk3326/rk3326_linux/RK3326_Linux_SDK_RELEASE/3326/buildroot/output/rockchip_rk3326_robot64_no_gpu/host/aarch64-rk3326-linux-gnu/bin --enable-shared --enable-libgomp]
  ignore line: [Thread model: posix]
  ignore line: [Supported LTO compression algorithms: zlib]
  ignore line: [gcc version 10.3.0 (Buildroot 2018.02-rc3-dirty) ]
  ignore line: [COMPILER_PATH=/home/grt/ls/reality/depends/rk3266/host/bin/../libexec/gcc/aarch64-rk3326-linux-gnu/10.3.0/:/home/grt/ls/reality/depends/rk3266/host/bin/../libexec/gcc/:/home/grt/ls/reality/depends/rk3266/host/bin/../lib/gcc/aarch64-rk3326-linux-gnu/10.3.0/../../../../aarch64-rk3326-linux-gnu/bin/]
  ignore line: [LIBRARY_PATH=/home/grt/ls/reality/depends/rk3266/host/bin/../lib/gcc/aarch64-rk3326-linux-gnu/10.3.0/:/home/grt/ls/reality/depends/rk3266/host/bin/../lib/gcc/:/home/grt/ls/reality/depends/rk3266/host/bin/../lib/gcc/aarch64-rk3326-linux-gnu/10.3.0/../../../../aarch64-rk3326-linux-gnu/lib/../lib64/:/home/grt/ls/reality/depends/rk3266/common/../host/aarch64-rk3326-linux-gnu/sysroot/lib/../lib64/:/home/grt/ls/reality/depends/rk3266/common/../host/aarch64-rk3326-linux-gnu/sysroot/usr/lib/../lib64/:/home/grt/ls/reality/depends/rk3266/host/bin/../lib/gcc/aarch64-rk3326-linux-gnu/10.3.0/../../../../aarch64-rk3326-linux-gnu/lib/:/home/grt/ls/reality/depends/rk3266/common/../host/aarch64-rk3326-linux-gnu/sysroot/lib/:/home/grt/ls/reality/depends/rk3266/common/../host/aarch64-rk3326-linux-gnu/sysroot/usr/lib/]
  ignore line: [COLLECT_GCC_OPTIONS='-v' '-rdynamic' '-o' 'cmTC_42179' '-mcpu=cortex-a35' '-mlittle-endian' '-mabi=lp64']
  link line: [ /home/grt/ls/reality/depends/rk3266/host/bin/../libexec/gcc/aarch64-rk3326-linux-gnu/10.3.0/collect2 -plugin /home/grt/ls/reality/depends/rk3266/host/bin/../libexec/gcc/aarch64-rk3326-linux-gnu/10.3.0/liblto_plugin.so -plugin-opt=/home/grt/ls/reality/depends/rk3266/host/bin/../libexec/gcc/aarch64-rk3326-linux-gnu/10.3.0/lto-wrapper -plugin-opt=-fresolution=/tmp/ccyPkvwu.res -plugin-opt=-pass-through=-lgcc -plugin-opt=-pass-through=-lgcc_s -plugin-opt=-pass-through=-lc -plugin-opt=-pass-through=-lgcc -plugin-opt=-pass-through=-lgcc_s --sysroot=/home/grt/ls/reality/depends/rk3266/common/../host/aarch64-rk3326-linux-gnu/sysroot --eh-frame-hdr -export-dynamic -dynamic-linker /lib/ld-linux-aarch64.so.1 -X -EL -maarch64linux -o cmTC_42179 /home/grt/ls/reality/depends/rk3266/common/../host/aarch64-rk3326-linux-gnu/sysroot/usr/lib/../lib64/crt1.o /home/grt/ls/reality/depends/rk3266/common/../host/aarch64-rk3326-linux-gnu/sysroot/usr/lib/../lib64/crti.o /home/grt/ls/reality/depends/rk3266/host/bin/../lib/gcc/aarch64-rk3326-linux-gnu/10.3.0/crtbegin.o -L/home/grt/ls/reality/depends/rk3266/host/bin/../lib/gcc/aarch64-rk3326-linux-gnu/10.3.0 -L/home/grt/ls/reality/depends/rk3266/host/bin/../lib/gcc -L/home/grt/ls/reality/depends/rk3266/host/bin/../lib/gcc/aarch64-rk3326-linux-gnu/10.3.0/../../../../aarch64-rk3326-linux-gnu/lib/../lib64 -L/home/grt/ls/reality/depends/rk3266/common/../host/aarch64-rk3326-linux-gnu/sysroot/lib/../lib64 -L/home/grt/ls/reality/depends/rk3266/common/../host/aarch64-rk3326-linux-gnu/sysroot/usr/lib/../lib64 -L/home/grt/ls/reality/depends/rk3266/host/bin/../lib/gcc/aarch64-rk3326-linux-gnu/10.3.0/../../../../aarch64-rk3326-linux-gnu/lib -L/home/grt/ls/reality/depends/rk3266/common/../host/aarch64-rk3326-linux-gnu/sysroot/lib -L/home/grt/ls/reality/depends/rk3266/common/../host/aarch64-rk3326-linux-gnu/sysroot/usr/lib -rpath-link /home/grt/ls/reality/depends/rk3266/common/arm64/lib CMakeFiles/cmTC_42179.dir/CMakeCCompilerABI.c.o -lgcc --push-state --as-needed -lgcc_s --pop-state -lc -lgcc --push-state --as-needed -lgcc_s --pop-state /home/grt/ls/reality/depends/rk3266/host/bin/../lib/gcc/aarch64-rk3326-linux-gnu/10.3.0/crtend.o /home/grt/ls/reality/depends/rk3266/common/../host/aarch64-rk3326-linux-gnu/sysroot/usr/lib/../lib64/crtn.o]
    arg [/home/grt/ls/reality/depends/rk3266/host/bin/../libexec/gcc/aarch64-rk3326-linux-gnu/10.3.0/collect2] ==> ignore
    arg [-plugin] ==> ignore
    arg [/home/grt/ls/reality/depends/rk3266/host/bin/../libexec/gcc/aarch64-rk3326-linux-gnu/10.3.0/liblto_plugin.so] ==> ignore
    arg [-plugin-opt=/home/grt/ls/reality/depends/rk3266/host/bin/../libexec/gcc/aarch64-rk3326-linux-gnu/10.3.0/lto-wrapper] ==> ignore
    arg [-plugin-opt=-fresolution=/tmp/ccyPkvwu.res] ==> ignore
    arg [-plugin-opt=-pass-through=-lgcc] ==> ignore
    arg [-plugin-opt=-pass-through=-lgcc_s] ==> ignore
    arg [-plugin-opt=-pass-through=-lc] ==> ignore
    arg [-plugin-opt=-pass-through=-lgcc] ==> ignore
    arg [-plugin-opt=-pass-through=-lgcc_s] ==> ignore
    arg [--sysroot=/home/grt/ls/reality/depends/rk3266/common/../host/aarch64-rk3326-linux-gnu/sysroot] ==> ignore
    arg [--eh-frame-hdr] ==> ignore
    arg [-export-dynamic] ==> ignore
    arg [-dynamic-linker] ==> ignore
    arg [/lib/ld-linux-aarch64.so.1] ==> ignore
    arg [-X] ==> ignore
    arg [-EL] ==> ignore
    arg [-maarch64linux] ==> ignore
    arg [-o] ==> ignore
    arg [cmTC_42179] ==> ignore
    arg [/home/grt/ls/reality/depends/rk3266/common/../host/aarch64-rk3326-linux-gnu/sysroot/usr/lib/../lib64/crt1.o] ==> ignore
    arg [/home/grt/ls/reality/depends/rk3266/common/../host/aarch64-rk3326-linux-gnu/sysroot/usr/lib/../lib64/crti.o] ==> ignore
    arg [/home/grt/ls/reality/depends/rk3266/host/bin/../lib/gcc/aarch64-rk3326-linux-gnu/10.3.0/crtbegin.o] ==> ignore
    arg [-L/home/grt/ls/reality/depends/rk3266/host/bin/../lib/gcc/aarch64-rk3326-linux-gnu/10.3.0] ==> dir [/home/grt/ls/reality/depends/rk3266/host/bin/../lib/gcc/aarch64-rk3326-linux-gnu/10.3.0]
    arg [-L/home/grt/ls/reality/depends/rk3266/host/bin/../lib/gcc] ==> dir [/home/grt/ls/reality/depends/rk3266/host/bin/../lib/gcc]
    arg [-L/home/grt/ls/reality/depends/rk3266/host/bin/../lib/gcc/aarch64-rk3326-linux-gnu/10.3.0/../../../../aarch64-rk3326-linux-gnu/lib/../lib64] ==> dir [/home/grt/ls/reality/depends/rk3266/host/bin/../lib/gcc/aarch64-rk3326-linux-gnu/10.3.0/../../../../aarch64-rk3326-linux-gnu/lib/../lib64]
    arg [-L/home/grt/ls/reality/depends/rk3266/common/../host/aarch64-rk3326-linux-gnu/sysroot/lib/../lib64] ==> dir [/home/grt/ls/reality/depends/rk3266/common/../host/aarch64-rk3326-linux-gnu/sysroot/lib/../lib64]
    arg [-L/home/grt/ls/reality/depends/rk3266/common/../host/aarch64-rk3326-linux-gnu/sysroot/usr/lib/../lib64] ==> dir [/home/grt/ls/reality/depends/rk3266/common/../host/aarch64-rk3326-linux-gnu/sysroot/usr/lib/../lib64]
    arg [-L/home/grt/ls/reality/depends/rk3266/host/bin/../lib/gcc/aarch64-rk3326-linux-gnu/10.3.0/../../../../aarch64-rk3326-linux-gnu/lib] ==> dir [/home/grt/ls/reality/depends/rk3266/host/bin/../lib/gcc/aarch64-rk3326-linux-gnu/10.3.0/../../../../aarch64-rk3326-linux-gnu/lib]
    arg [-L/home/grt/ls/reality/depends/rk3266/common/../host/aarch64-rk3326-linux-gnu/sysroot/lib] ==> dir [/home/grt/ls/reality/depends/rk3266/common/../host/aarch64-rk3326-linux-gnu/sysroot/lib]
    arg [-L/home/grt/ls/reality/depends/rk3266/common/../host/aarch64-rk3326-linux-gnu/sysroot/usr/lib] ==> dir [/home/grt/ls/reality/depends/rk3266/common/../host/aarch64-rk3326-linux-gnu/sysroot/usr/lib]
    arg [-rpath-link] ==> ignore
    arg [/home/grt/ls/reality/depends/rk3266/common/arm64/lib] ==> ignore
    arg [CMakeFiles/cmTC_42179.dir/CMakeCCompilerABI.c.o] ==> ignore
    arg [-lgcc] ==> lib [gcc]
    arg [--push-state] ==> ignore
    arg [--as-needed] ==> ignore
    arg [-lgcc_s] ==> lib [gcc_s]
    arg [--pop-state] ==> ignore
    arg [-lc] ==> lib [c]
    arg [-lgcc] ==> lib [gcc]
    arg [--push-state] ==> ignore
    arg [--as-needed] ==> ignore
    arg [-lgcc_s] ==> lib [gcc_s]
    arg [--pop-state] ==> ignore
    arg [/home/grt/ls/reality/depends/rk3266/host/bin/../lib/gcc/aarch64-rk3326-linux-gnu/10.3.0/crtend.o] ==> ignore
    arg [/home/grt/ls/reality/depends/rk3266/common/../host/aarch64-rk3326-linux-gnu/sysroot/usr/lib/../lib64/crtn.o] ==> ignore
  collapse library dir [/home/grt/ls/reality/depends/rk3266/host/bin/../lib/gcc/aarch64-rk3326-linux-gnu/10.3.0] ==> [/home/grt/ls/reality/depends/rk3266/host/lib/gcc/aarch64-rk3326-linux-gnu/10.3.0]
  collapse library dir [/home/grt/ls/reality/depends/rk3266/host/bin/../lib/gcc] ==> [/home/grt/ls/reality/depends/rk3266/host/lib/gcc]
  collapse library dir [/home/grt/ls/reality/depends/rk3266/host/bin/../lib/gcc/aarch64-rk3326-linux-gnu/10.3.0/../../../../aarch64-rk3326-linux-gnu/lib/../lib64] ==> [/home/grt/ls/reality/depends/rk3266/host/aarch64-rk3326-linux-gnu/lib64]
  collapse library dir [/home/grt/ls/reality/depends/rk3266/common/../host/aarch64-rk3326-linux-gnu/sysroot/lib/../lib64] ==> [/home/grt/ls/reality/depends/rk3266/host/aarch64-rk3326-linux-gnu/sysroot/lib64]
  collapse library dir [/home/grt/ls/reality/depends/rk3266/common/../host/aarch64-rk3326-linux-gnu/sysroot/usr/lib/../lib64] ==> [/home/grt/ls/reality/depends/rk3266/host/aarch64-rk3326-linux-gnu/sysroot/usr/lib64]
  collapse library dir [/home/grt/ls/reality/depends/rk3266/host/bin/../lib/gcc/aarch64-rk3326-linux-gnu/10.3.0/../../../../aarch64-rk3326-linux-gnu/lib] ==> [/home/grt/ls/reality/depends/rk3266/host/aarch64-rk3326-linux-gnu/lib]
  collapse library dir [/home/grt/ls/reality/depends/rk3266/common/../host/aarch64-rk3326-linux-gnu/sysroot/lib] ==> [/home/grt/ls/reality/depends/rk3266/host/aarch64-rk3326-linux-gnu/sysroot/lib]
  collapse library dir [/home/grt/ls/reality/depends/rk3266/common/../host/aarch64-rk3326-linux-gnu/sysroot/usr/lib] ==> [/home/grt/ls/reality/depends/rk3266/host/aarch64-rk3326-linux-gnu/sysroot/usr/lib]
  implicit libs: [gcc;gcc_s;c;gcc;gcc_s]
  implicit dirs: [/home/grt/ls/reality/depends/rk3266/host/lib/gcc/aarch64-rk3326-linux-gnu/10.3.0;/home/grt/ls/reality/depends/rk3266/host/lib/gcc;/home/grt/ls/reality/depends/rk3266/host/aarch64-rk3326-linux-gnu/lib64;/home/grt/ls/reality/depends/rk3266/host/aarch64-rk3326-linux-gnu/sysroot/lib64;/home/grt/ls/reality/depends/rk3266/host/aarch64-rk3326-linux-gnu/sysroot/usr/lib64;/home/grt/ls/reality/depends/rk3266/host/aarch64-rk3326-linux-gnu/lib;/home/grt/ls/reality/depends/rk3266/host/aarch64-rk3326-linux-gnu/sysroot/lib;/home/grt/ls/reality/depends/rk3266/host/aarch64-rk3326-linux-gnu/sysroot/usr/lib]
  implicit fwks: []


Determining if the CXX compiler works passed with the following output:
Change Dir: /home/grt/ls/reality/depends/xdsrc/tuya/arm_app/build_rk3326/CMakeFiles/CMakeTmp

Run Build Command(s):/usr/bin/make cmTC_b3189/fast && /usr/bin/make -f CMakeFiles/cmTC_b3189.dir/build.make CMakeFiles/cmTC_b3189.dir/build
make[1]: Entering directory '/home/grt/ls/reality/depends/xdsrc/tuya/arm_app/build_rk3326/CMakeFiles/CMakeTmp'
Building CXX object CMakeFiles/cmTC_b3189.dir/testCXXCompiler.cxx.o
/home/grt/ls/reality/depends/rk3266/host/bin/aarch64-linux-g++ --sysroot=/home/grt/ls/reality/depends/rk3266/common/../host/aarch64-rk3326-linux-gnu/sysroot    -O3 -s -Wno-multichar -std=gnu++11 -o CMakeFiles/cmTC_b3189.dir/testCXXCompiler.cxx.o -c /home/grt/ls/reality/depends/xdsrc/tuya/arm_app/build_rk3326/CMakeFiles/CMakeTmp/testCXXCompiler.cxx
Linking CXX executable cmTC_b3189
/usr/bin/cmake -E cmake_link_script CMakeFiles/cmTC_b3189.dir/link.txt --verbose=1
/home/grt/ls/reality/depends/rk3266/host/bin/aarch64-linux-g++ --sysroot=/home/grt/ls/reality/depends/rk3266/common/../host/aarch64-rk3326-linux-gnu/sysroot       -rdynamic -Wl,-rpath-link,/home/grt/ls/reality/depends/rk3266/common/arm64/lib CMakeFiles/cmTC_b3189.dir/testCXXCompiler.cxx.o  -o cmTC_b3189 
make[1]: Leaving directory '/home/grt/ls/reality/depends/xdsrc/tuya/arm_app/build_rk3326/CMakeFiles/CMakeTmp'



Detecting CXX compiler ABI info compiled with the following output:
Change Dir: /home/grt/ls/reality/depends/xdsrc/tuya/arm_app/build_rk3326/CMakeFiles/CMakeTmp

Run Build Command(s):/usr/bin/make cmTC_437e0/fast && /usr/bin/make -f CMakeFiles/cmTC_437e0.dir/build.make CMakeFiles/cmTC_437e0.dir/build
make[1]: Entering directory '/home/grt/ls/reality/depends/xdsrc/tuya/arm_app/build_rk3326/CMakeFiles/CMakeTmp'
Building CXX object CMakeFiles/cmTC_437e0.dir/CMakeCXXCompilerABI.cpp.o
/home/grt/ls/reality/depends/rk3266/host/bin/aarch64-linux-g++ --sysroot=/home/grt/ls/reality/depends/rk3266/common/../host/aarch64-rk3326-linux-gnu/sysroot    -v -O3 -s -Wno-multichar -std=gnu++11 -o CMakeFiles/cmTC_437e0.dir/CMakeCXXCompilerABI.cpp.o -c /usr/share/cmake-3.16/Modules/CMakeCXXCompilerABI.cpp
Using built-in specs.
COLLECT_GCC=/home/grt/ls/reality/depends/rk3266/host/bin/aarch64-linux-g++.br_real
Target: aarch64-rk3326-linux-gnu
Configured with: ./configure --prefix=/home/grt/rockchip/rk3326/rk3326_linux/RK3326_Linux_SDK_RELEASE/3326/buildroot/output/rockchip_rk3326_robot64_no_gpu/host --sysconfdir=/home/grt/rockchip/rk3326/rk3326_linux/RK3326_Linux_SDK_RELEASE/3326/buildroot/output/rockchip_rk3326_robot64_no_gpu/host/etc --enable-static --target=aarch64-rk3326-linux-gnu --with-sysroot=/home/grt/rockchip/rk3326/rk3326_linux/RK3326_Linux_SDK_RELEASE/3326/buildroot/output/rockchip_rk3326_robot64_no_gpu/host/aarch64-rk3326-linux-gnu/sysroot --enable-__cxa_atexit --with-gnu-ld --disable-libssp --disable-multilib --disable-decimal-float --with-gmp=/home/grt/rockchip/rk3326/rk3326_linux/RK3326_Linux_SDK_RELEASE/3326/buildroot/output/rockchip_rk3326_robot64_no_gpu/host --with-mpc=/home/grt/rockchip/rk3326/rk3326_linux/RK3326_Linux_SDK_RELEASE/3326/buildroot/output/rockchip_rk3326_robot64_no_gpu/host --with-mpfr=/home/grt/rockchip/rk3326/rk3326_linux/RK3326_Linux_SDK_RELEASE/3326/buildroot/output/rockchip_rk3326_robot64_no_gpu/host --with-pkgversion='Buildroot 2018.02-rc3-dirty' --with-bugurl=http://bugs.buildroot.net/ --without-zstd --disable-libquadmath --disable-libquadmath-support --enable-tls --enable-threads --without-isl --without-cloog --with-abi=lp64 --with-cpu=cortex-a35 --enable-languages=c,c++,fortran --with-build-time-tools=/home/grt/rockchip/rk3326/rk3326_linux/RK3326_Linux_SDK_RELEASE/3326/buildroot/output/rockchip_rk3326_robot64_no_gpu/host/aarch64-rk3326-linux-gnu/bin --enable-shared --enable-libgomp
Thread model: posix
Supported LTO compression algorithms: zlib
gcc version 10.3.0 (Buildroot 2018.02-rc3-dirty) 
COLLECT_GCC_OPTIONS='-v' '-O3' '-s' '-Wno-multichar' '-std=gnu++11' '-o' 'CMakeFiles/cmTC_437e0.dir/CMakeCXXCompilerABI.cpp.o' '-c' '-shared-libgcc' '-mcpu=cortex-a35' '-mlittle-endian' '-mabi=lp64'
 /home/grt/ls/reality/depends/rk3266/host/bin/../libexec/gcc/aarch64-rk3326-linux-gnu/10.3.0/cc1plus -quiet -v -iprefix /home/grt/ls/reality/depends/rk3266/host/bin/../lib/gcc/aarch64-rk3326-linux-gnu/10.3.0/ -isysroot /home/grt/ls/reality/depends/rk3266/common/../host/aarch64-rk3326-linux-gnu/sysroot -D_GNU_SOURCE /usr/share/cmake-3.16/Modules/CMakeCXXCompilerABI.cpp -quiet -dumpbase CMakeCXXCompilerABI.cpp -mcpu=cortex-a35 -mlittle-endian -mabi=lp64 -auxbase-strip CMakeFiles/cmTC_437e0.dir/CMakeCXXCompilerABI.cpp.o -O3 -Wno-multichar -std=gnu++11 -version -o /tmp/ccDcxs23.s
GNU C++11 (Buildroot 2018.02-rc3-dirty) version 10.3.0 (aarch64-rk3326-linux-gnu)
	compiled by GNU C version 7.5.0, GMP version 6.1.2, MPFR version 3.1.6, MPC version 1.0.3, isl version none
GGC heuristics: --param ggc-min-expand=100 --param ggc-min-heapsize=131072
ignoring duplicate directory "/home/grt/ls/reality/depends/rk3266/host/bin/../lib/gcc/../../lib/gcc/aarch64-rk3326-linux-gnu/10.3.0/../../../../aarch64-rk3326-linux-gnu/include/c++/10.3.0"
ignoring duplicate directory "/home/grt/ls/reality/depends/rk3266/host/bin/../lib/gcc/../../lib/gcc/aarch64-rk3326-linux-gnu/10.3.0/../../../../aarch64-rk3326-linux-gnu/include/c++/10.3.0/aarch64-rk3326-linux-gnu"
ignoring duplicate directory "/home/grt/ls/reality/depends/rk3266/host/bin/../lib/gcc/../../lib/gcc/aarch64-rk3326-linux-gnu/10.3.0/../../../../aarch64-rk3326-linux-gnu/include/c++/10.3.0/backward"
ignoring duplicate directory "/home/grt/ls/reality/depends/rk3266/host/bin/../lib/gcc/../../lib/gcc/aarch64-rk3326-linux-gnu/10.3.0/include"
ignoring nonexistent directory "/home/grt/ls/reality/depends/rk3266/common/../host/aarch64-rk3326-linux-gnu/sysroot/usr/local/include"
ignoring duplicate directory "/home/grt/ls/reality/depends/rk3266/host/bin/../lib/gcc/../../lib/gcc/aarch64-rk3326-linux-gnu/10.3.0/include-fixed"
ignoring duplicate directory "/home/grt/ls/reality/depends/rk3266/host/bin/../lib/gcc/../../lib/gcc/aarch64-rk3326-linux-gnu/10.3.0/../../../../aarch64-rk3326-linux-gnu/include"
#include "..." search starts here:
#include <...> search starts here:
 /home/grt/ls/reality/depends/rk3266/host/bin/../lib/gcc/aarch64-rk3326-linux-gnu/10.3.0/../../../../aarch64-rk3326-linux-gnu/include/c++/10.3.0
 /home/grt/ls/reality/depends/rk3266/host/bin/../lib/gcc/aarch64-rk3326-linux-gnu/10.3.0/../../../../aarch64-rk3326-linux-gnu/include/c++/10.3.0/aarch64-rk3326-linux-gnu
 /home/grt/ls/reality/depends/rk3266/host/bin/../lib/gcc/aarch64-rk3326-linux-gnu/10.3.0/../../../../aarch64-rk3326-linux-gnu/include/c++/10.3.0/backward
 /home/grt/ls/reality/depends/rk3266/host/bin/../lib/gcc/aarch64-rk3326-linux-gnu/10.3.0/include
 /home/grt/ls/reality/depends/rk3266/host/bin/../lib/gcc/aarch64-rk3326-linux-gnu/10.3.0/include-fixed
 /home/grt/ls/reality/depends/rk3266/host/bin/../lib/gcc/aarch64-rk3326-linux-gnu/10.3.0/../../../../aarch64-rk3326-linux-gnu/include
 /home/grt/ls/reality/depends/rk3266/common/../host/aarch64-rk3326-linux-gnu/sysroot/usr/include
End of search list.
GNU C++11 (Buildroot 2018.02-rc3-dirty) version 10.3.0 (aarch64-rk3326-linux-gnu)
	compiled by GNU C version 7.5.0, GMP version 6.1.2, MPFR version 3.1.6, MPC version 1.0.3, isl version none
GGC heuristics: --param ggc-min-expand=100 --param ggc-min-heapsize=131072
Compiler executable checksum: 9f6fd42ddb8afabd9fc439f0305c2695
COLLECT_GCC_OPTIONS='-v' '-O3' '-s' '-Wno-multichar' '-std=gnu++11' '-o' 'CMakeFiles/cmTC_437e0.dir/CMakeCXXCompilerABI.cpp.o' '-c' '-shared-libgcc' '-mcpu=cortex-a35' '-mlittle-endian' '-mabi=lp64'
 /home/grt/ls/reality/depends/rk3266/host/bin/../lib/gcc/aarch64-rk3326-linux-gnu/10.3.0/../../../../aarch64-rk3326-linux-gnu/bin/as -v -EL -march=armv8-a+crc -mabi=lp64 -o CMakeFiles/cmTC_437e0.dir/CMakeCXXCompilerABI.cpp.o /tmp/ccDcxs23.s
GNU assembler version 2.36.1 (aarch64-rk3326-linux-gnu) using BFD version (GNU Binutils) 2.36.1
COMPILER_PATH=/home/grt/ls/reality/depends/rk3266/host/bin/../libexec/gcc/aarch64-rk3326-linux-gnu/10.3.0/:/home/grt/ls/reality/depends/rk3266/host/bin/../libexec/gcc/:/home/grt/ls/reality/depends/rk3266/host/bin/../lib/gcc/aarch64-rk3326-linux-gnu/10.3.0/../../../../aarch64-rk3326-linux-gnu/bin/
LIBRARY_PATH=/home/grt/ls/reality/depends/rk3266/host/bin/../lib/gcc/aarch64-rk3326-linux-gnu/10.3.0/:/home/grt/ls/reality/depends/rk3266/host/bin/../lib/gcc/:/home/grt/ls/reality/depends/rk3266/host/bin/../lib/gcc/aarch64-rk3326-linux-gnu/10.3.0/../../../../aarch64-rk3326-linux-gnu/lib/../lib64/:/home/grt/ls/reality/depends/rk3266/common/../host/aarch64-rk3326-linux-gnu/sysroot/lib/../lib64/:/home/grt/ls/reality/depends/rk3266/common/../host/aarch64-rk3326-linux-gnu/sysroot/usr/lib/../lib64/:/home/grt/ls/reality/depends/rk3266/host/bin/../lib/gcc/aarch64-rk3326-linux-gnu/10.3.0/../../../../aarch64-rk3326-linux-gnu/lib/:/home/grt/ls/reality/depends/rk3266/common/../host/aarch64-rk3326-linux-gnu/sysroot/lib/:/home/grt/ls/reality/depends/rk3266/common/../host/aarch64-rk3326-linux-gnu/sysroot/usr/lib/
COLLECT_GCC_OPTIONS='-v' '-O3' '-s' '-Wno-multichar' '-std=gnu++11' '-o' 'CMakeFiles/cmTC_437e0.dir/CMakeCXXCompilerABI.cpp.o' '-c' '-shared-libgcc' '-mcpu=cortex-a35' '-mlittle-endian' '-mabi=lp64'
Linking CXX executable cmTC_437e0
/usr/bin/cmake -E cmake_link_script CMakeFiles/cmTC_437e0.dir/link.txt --verbose=1
/home/grt/ls/reality/depends/rk3266/host/bin/aarch64-linux-g++ --sysroot=/home/grt/ls/reality/depends/rk3266/common/../host/aarch64-rk3326-linux-gnu/sysroot      -v -rdynamic -Wl,-rpath-link,/home/grt/ls/reality/depends/rk3266/common/arm64/lib CMakeFiles/cmTC_437e0.dir/CMakeCXXCompilerABI.cpp.o  -o cmTC_437e0 
Using built-in specs.
COLLECT_GCC=/home/grt/ls/reality/depends/rk3266/host/bin/aarch64-linux-g++.br_real
COLLECT_LTO_WRAPPER=/home/grt/ls/reality/depends/rk3266/host/bin/../libexec/gcc/aarch64-rk3326-linux-gnu/10.3.0/lto-wrapper
Target: aarch64-rk3326-linux-gnu
Configured with: ./configure --prefix=/home/grt/rockchip/rk3326/rk3326_linux/RK3326_Linux_SDK_RELEASE/3326/buildroot/output/rockchip_rk3326_robot64_no_gpu/host --sysconfdir=/home/grt/rockchip/rk3326/rk3326_linux/RK3326_Linux_SDK_RELEASE/3326/buildroot/output/rockchip_rk3326_robot64_no_gpu/host/etc --enable-static --target=aarch64-rk3326-linux-gnu --with-sysroot=/home/grt/rockchip/rk3326/rk3326_linux/RK3326_Linux_SDK_RELEASE/3326/buildroot/output/rockchip_rk3326_robot64_no_gpu/host/aarch64-rk3326-linux-gnu/sysroot --enable-__cxa_atexit --with-gnu-ld --disable-libssp --disable-multilib --disable-decimal-float --with-gmp=/home/grt/rockchip/rk3326/rk3326_linux/RK3326_Linux_SDK_RELEASE/3326/buildroot/output/rockchip_rk3326_robot64_no_gpu/host --with-mpc=/home/grt/rockchip/rk3326/rk3326_linux/RK3326_Linux_SDK_RELEASE/3326/buildroot/output/rockchip_rk3326_robot64_no_gpu/host --with-mpfr=/home/grt/rockchip/rk3326/rk3326_linux/RK3326_Linux_SDK_RELEASE/3326/buildroot/output/rockchip_rk3326_robot64_no_gpu/host --with-pkgversion='Buildroot 2018.02-rc3-dirty' --with-bugurl=http://bugs.buildroot.net/ --without-zstd --disable-libquadmath --disable-libquadmath-support --enable-tls --enable-threads --without-isl --without-cloog --with-abi=lp64 --with-cpu=cortex-a35 --enable-languages=c,c++,fortran --with-build-time-tools=/home/grt/rockchip/rk3326/rk3326_linux/RK3326_Linux_SDK_RELEASE/3326/buildroot/output/rockchip_rk3326_robot64_no_gpu/host/aarch64-rk3326-linux-gnu/bin --enable-shared --enable-libgomp
Thread model: posix
Supported LTO compression algorithms: zlib
gcc version 10.3.0 (Buildroot 2018.02-rc3-dirty) 
COMPILER_PATH=/home/grt/ls/reality/depends/rk3266/host/bin/../libexec/gcc/aarch64-rk3326-linux-gnu/10.3.0/:/home/grt/ls/reality/depends/rk3266/host/bin/../libexec/gcc/:/home/grt/ls/reality/depends/rk3266/host/bin/../lib/gcc/aarch64-rk3326-linux-gnu/10.3.0/../../../../aarch64-rk3326-linux-gnu/bin/
LIBRARY_PATH=/home/grt/ls/reality/depends/rk3266/host/bin/../lib/gcc/aarch64-rk3326-linux-gnu/10.3.0/:/home/grt/ls/reality/depends/rk3266/host/bin/../lib/gcc/:/home/grt/ls/reality/depends/rk3266/host/bin/../lib/gcc/aarch64-rk3326-linux-gnu/10.3.0/../../../../aarch64-rk3326-linux-gnu/lib/../lib64/:/home/grt/ls/reality/depends/rk3266/common/../host/aarch64-rk3326-linux-gnu/sysroot/lib/../lib64/:/home/grt/ls/reality/depends/rk3266/common/../host/aarch64-rk3326-linux-gnu/sysroot/usr/lib/../lib64/:/home/grt/ls/reality/depends/rk3266/host/bin/../lib/gcc/aarch64-rk3326-linux-gnu/10.3.0/../../../../aarch64-rk3326-linux-gnu/lib/:/home/grt/ls/reality/depends/rk3266/common/../host/aarch64-rk3326-linux-gnu/sysroot/lib/:/home/grt/ls/reality/depends/rk3266/common/../host/aarch64-rk3326-linux-gnu/sysroot/usr/lib/
COLLECT_GCC_OPTIONS='-v' '-rdynamic' '-o' 'cmTC_437e0' '-shared-libgcc' '-mcpu=cortex-a35' '-mlittle-endian' '-mabi=lp64'
 /home/grt/ls/reality/depends/rk3266/host/bin/../libexec/gcc/aarch64-rk3326-linux-gnu/10.3.0/collect2 -plugin /home/grt/ls/reality/depends/rk3266/host/bin/../libexec/gcc/aarch64-rk3326-linux-gnu/10.3.0/liblto_plugin.so -plugin-opt=/home/grt/ls/reality/depends/rk3266/host/bin/../libexec/gcc/aarch64-rk3326-linux-gnu/10.3.0/lto-wrapper -plugin-opt=-fresolution=/tmp/ccafBbiS.res -plugin-opt=-pass-through=-lgcc_s -plugin-opt=-pass-through=-lgcc -plugin-opt=-pass-through=-lc -plugin-opt=-pass-through=-lgcc_s -plugin-opt=-pass-through=-lgcc --sysroot=/home/grt/ls/reality/depends/rk3266/common/../host/aarch64-rk3326-linux-gnu/sysroot --eh-frame-hdr -export-dynamic -dynamic-linker /lib/ld-linux-aarch64.so.1 -X -EL -maarch64linux -o cmTC_437e0 /home/grt/ls/reality/depends/rk3266/common/../host/aarch64-rk3326-linux-gnu/sysroot/usr/lib/../lib64/crt1.o /home/grt/ls/reality/depends/rk3266/common/../host/aarch64-rk3326-linux-gnu/sysroot/usr/lib/../lib64/crti.o /home/grt/ls/reality/depends/rk3266/host/bin/../lib/gcc/aarch64-rk3326-linux-gnu/10.3.0/crtbegin.o -L/home/grt/ls/reality/depends/rk3266/host/bin/../lib/gcc/aarch64-rk3326-linux-gnu/10.3.0 -L/home/grt/ls/reality/depends/rk3266/host/bin/../lib/gcc -L/home/grt/ls/reality/depends/rk3266/host/bin/../lib/gcc/aarch64-rk3326-linux-gnu/10.3.0/../../../../aarch64-rk3326-linux-gnu/lib/../lib64 -L/home/grt/ls/reality/depends/rk3266/common/../host/aarch64-rk3326-linux-gnu/sysroot/lib/../lib64 -L/home/grt/ls/reality/depends/rk3266/common/../host/aarch64-rk3326-linux-gnu/sysroot/usr/lib/../lib64 -L/home/grt/ls/reality/depends/rk3266/host/bin/../lib/gcc/aarch64-rk3326-linux-gnu/10.3.0/../../../../aarch64-rk3326-linux-gnu/lib -L/home/grt/ls/reality/depends/rk3266/common/../host/aarch64-rk3326-linux-gnu/sysroot/lib -L/home/grt/ls/reality/depends/rk3266/common/../host/aarch64-rk3326-linux-gnu/sysroot/usr/lib -rpath-link /home/grt/ls/reality/depends/rk3266/common/arm64/lib CMakeFiles/cmTC_437e0.dir/CMakeCXXCompilerABI.cpp.o -lstdc++ -lm -lgcc_s -lgcc -lc -lgcc_s -lgcc /home/grt/ls/reality/depends/rk3266/host/bin/../lib/gcc/aarch64-rk3326-linux-gnu/10.3.0/crtend.o /home/grt/ls/reality/depends/rk3266/common/../host/aarch64-rk3326-linux-gnu/sysroot/usr/lib/../lib64/crtn.o
COLLECT_GCC_OPTIONS='-v' '-rdynamic' '-o' 'cmTC_437e0' '-shared-libgcc' '-mcpu=cortex-a35' '-mlittle-endian' '-mabi=lp64'
make[1]: Leaving directory '/home/grt/ls/reality/depends/xdsrc/tuya/arm_app/build_rk3326/CMakeFiles/CMakeTmp'



Parsed CXX implicit include dir info from above output: rv=done
  found start of include info
  found start of implicit include info
    add: [/home/grt/ls/reality/depends/rk3266/host/bin/../lib/gcc/aarch64-rk3326-linux-gnu/10.3.0/../../../../aarch64-rk3326-linux-gnu/include/c++/10.3.0]
    add: [/home/grt/ls/reality/depends/rk3266/host/bin/../lib/gcc/aarch64-rk3326-linux-gnu/10.3.0/../../../../aarch64-rk3326-linux-gnu/include/c++/10.3.0/aarch64-rk3326-linux-gnu]
    add: [/home/grt/ls/reality/depends/rk3266/host/bin/../lib/gcc/aarch64-rk3326-linux-gnu/10.3.0/../../../../aarch64-rk3326-linux-gnu/include/c++/10.3.0/backward]
    add: [/home/grt/ls/reality/depends/rk3266/host/bin/../lib/gcc/aarch64-rk3326-linux-gnu/10.3.0/include]
    add: [/home/grt/ls/reality/depends/rk3266/host/bin/../lib/gcc/aarch64-rk3326-linux-gnu/10.3.0/include-fixed]
    add: [/home/grt/ls/reality/depends/rk3266/host/bin/../lib/gcc/aarch64-rk3326-linux-gnu/10.3.0/../../../../aarch64-rk3326-linux-gnu/include]
    add: [/home/grt/ls/reality/depends/rk3266/common/../host/aarch64-rk3326-linux-gnu/sysroot/usr/include]
  end of search list found
  collapse include dir [/home/grt/ls/reality/depends/rk3266/host/bin/../lib/gcc/aarch64-rk3326-linux-gnu/10.3.0/../../../../aarch64-rk3326-linux-gnu/include/c++/10.3.0] ==> [/home/grt/ls/reality/depends/rk3266/host/aarch64-rk3326-linux-gnu/include/c++/10.3.0]
  collapse include dir [/home/grt/ls/reality/depends/rk3266/host/bin/../lib/gcc/aarch64-rk3326-linux-gnu/10.3.0/../../../../aarch64-rk3326-linux-gnu/include/c++/10.3.0/aarch64-rk3326-linux-gnu] ==> [/home/grt/ls/reality/depends/rk3266/host/aarch64-rk3326-linux-gnu/include/c++/10.3.0/aarch64-rk3326-linux-gnu]
  collapse include dir [/home/grt/ls/reality/depends/rk3266/host/bin/../lib/gcc/aarch64-rk3326-linux-gnu/10.3.0/../../../../aarch64-rk3326-linux-gnu/include/c++/10.3.0/backward] ==> [/home/grt/ls/reality/depends/rk3266/host/aarch64-rk3326-linux-gnu/include/c++/10.3.0/backward]
  collapse include dir [/home/grt/ls/reality/depends/rk3266/host/bin/../lib/gcc/aarch64-rk3326-linux-gnu/10.3.0/include] ==> [/home/grt/ls/reality/depends/rk3266/host/lib/gcc/aarch64-rk3326-linux-gnu/10.3.0/include]
  collapse include dir [/home/grt/ls/reality/depends/rk3266/host/bin/../lib/gcc/aarch64-rk3326-linux-gnu/10.3.0/include-fixed] ==> [/home/grt/ls/reality/depends/rk3266/host/lib/gcc/aarch64-rk3326-linux-gnu/10.3.0/include-fixed]
  collapse include dir [/home/grt/ls/reality/depends/rk3266/host/bin/../lib/gcc/aarch64-rk3326-linux-gnu/10.3.0/../../../../aarch64-rk3326-linux-gnu/include] ==> [/home/grt/ls/reality/depends/rk3266/host/aarch64-rk3326-linux-gnu/include]
  collapse include dir [/home/grt/ls/reality/depends/rk3266/common/../host/aarch64-rk3326-linux-gnu/sysroot/usr/include] ==> [/home/grt/ls/reality/depends/rk3266/host/aarch64-rk3326-linux-gnu/sysroot/usr/include]
  implicit include dirs: [/home/grt/ls/reality/depends/rk3266/host/aarch64-rk3326-linux-gnu/include/c++/10.3.0;/home/grt/ls/reality/depends/rk3266/host/aarch64-rk3326-linux-gnu/include/c++/10.3.0/aarch64-rk3326-linux-gnu;/home/grt/ls/reality/depends/rk3266/host/aarch64-rk3326-linux-gnu/include/c++/10.3.0/backward;/home/grt/ls/reality/depends/rk3266/host/lib/gcc/aarch64-rk3326-linux-gnu/10.3.0/include;/home/grt/ls/reality/depends/rk3266/host/lib/gcc/aarch64-rk3326-linux-gnu/10.3.0/include-fixed;/home/grt/ls/reality/depends/rk3266/host/aarch64-rk3326-linux-gnu/include;/home/grt/ls/reality/depends/rk3266/host/aarch64-rk3326-linux-gnu/sysroot/usr/include]


Parsed CXX implicit link information from above output:
  link line regex: [^( *|.*[/\])(ld|CMAKE_LINK_STARTFILE-NOTFOUND|([^/\]+-)?ld|collect2)[^/\]*( |$)]
  ignore line: [Change Dir: /home/grt/ls/reality/depends/xdsrc/tuya/arm_app/build_rk3326/CMakeFiles/CMakeTmp]
  ignore line: []
  ignore line: [Run Build Command(s):/usr/bin/make cmTC_437e0/fast && /usr/bin/make -f CMakeFiles/cmTC_437e0.dir/build.make CMakeFiles/cmTC_437e0.dir/build]
  ignore line: [make[1]: Entering directory '/home/grt/ls/reality/depends/xdsrc/tuya/arm_app/build_rk3326/CMakeFiles/CMakeTmp']
  ignore line: [Building CXX object CMakeFiles/cmTC_437e0.dir/CMakeCXXCompilerABI.cpp.o]
  ignore line: [/home/grt/ls/reality/depends/rk3266/host/bin/aarch64-linux-g++ --sysroot=/home/grt/ls/reality/depends/rk3266/common/../host/aarch64-rk3326-linux-gnu/sysroot    -v -O3 -s -Wno-multichar -std=gnu++11 -o CMakeFiles/cmTC_437e0.dir/CMakeCXXCompilerABI.cpp.o -c /usr/share/cmake-3.16/Modules/CMakeCXXCompilerABI.cpp]
  ignore line: [Using built-in specs.]
  ignore line: [COLLECT_GCC=/home/grt/ls/reality/depends/rk3266/host/bin/aarch64-linux-g++.br_real]
  ignore line: [Target: aarch64-rk3326-linux-gnu]
  ignore line: [Configured with: ./configure --prefix=/home/grt/rockchip/rk3326/rk3326_linux/RK3326_Linux_SDK_RELEASE/3326/buildroot/output/rockchip_rk3326_robot64_no_gpu/host --sysconfdir=/home/grt/rockchip/rk3326/rk3326_linux/RK3326_Linux_SDK_RELEASE/3326/buildroot/output/rockchip_rk3326_robot64_no_gpu/host/etc --enable-static --target=aarch64-rk3326-linux-gnu --with-sysroot=/home/grt/rockchip/rk3326/rk3326_linux/RK3326_Linux_SDK_RELEASE/3326/buildroot/output/rockchip_rk3326_robot64_no_gpu/host/aarch64-rk3326-linux-gnu/sysroot --enable-__cxa_atexit --with-gnu-ld --disable-libssp --disable-multilib --disable-decimal-float --with-gmp=/home/grt/rockchip/rk3326/rk3326_linux/RK3326_Linux_SDK_RELEASE/3326/buildroot/output/rockchip_rk3326_robot64_no_gpu/host --with-mpc=/home/grt/rockchip/rk3326/rk3326_linux/RK3326_Linux_SDK_RELEASE/3326/buildroot/output/rockchip_rk3326_robot64_no_gpu/host --with-mpfr=/home/grt/rockchip/rk3326/rk3326_linux/RK3326_Linux_SDK_RELEASE/3326/buildroot/output/rockchip_rk3326_robot64_no_gpu/host --with-pkgversion='Buildroot 2018.02-rc3-dirty' --with-bugurl=http://bugs.buildroot.net/ --without-zstd --disable-libquadmath --disable-libquadmath-support --enable-tls --enable-threads --without-isl --without-cloog --with-abi=lp64 --with-cpu=cortex-a35 --enable-languages=c,c++,fortran --with-build-time-tools=/home/grt/rockchip/rk3326/rk3326_linux/RK3326_Linux_SDK_RELEASE/3326/buildroot/output/rockchip_rk3326_robot64_no_gpu/host/aarch64-rk3326-linux-gnu/bin --enable-shared --enable-libgomp]
  ignore line: [Thread model: posix]
  ignore line: [Supported LTO compression algorithms: zlib]
  ignore line: [gcc version 10.3.0 (Buildroot 2018.02-rc3-dirty) ]
  ignore line: [COLLECT_GCC_OPTIONS='-v' '-O3' '-s' '-Wno-multichar' '-std=gnu++11' '-o' 'CMakeFiles/cmTC_437e0.dir/CMakeCXXCompilerABI.cpp.o' '-c' '-shared-libgcc' '-mcpu=cortex-a35' '-mlittle-endian' '-mabi=lp64']
  ignore line: [ /home/grt/ls/reality/depends/rk3266/host/bin/../libexec/gcc/aarch64-rk3326-linux-gnu/10.3.0/cc1plus -quiet -v -iprefix /home/grt/ls/reality/depends/rk3266/host/bin/../lib/gcc/aarch64-rk3326-linux-gnu/10.3.0/ -isysroot /home/grt/ls/reality/depends/rk3266/common/../host/aarch64-rk3326-linux-gnu/sysroot -D_GNU_SOURCE /usr/share/cmake-3.16/Modules/CMakeCXXCompilerABI.cpp -quiet -dumpbase CMakeCXXCompilerABI.cpp -mcpu=cortex-a35 -mlittle-endian -mabi=lp64 -auxbase-strip CMakeFiles/cmTC_437e0.dir/CMakeCXXCompilerABI.cpp.o -O3 -Wno-multichar -std=gnu++11 -version -o /tmp/ccDcxs23.s]
  ignore line: [GNU C++11 (Buildroot 2018.02-rc3-dirty) version 10.3.0 (aarch64-rk3326-linux-gnu)]
  ignore line: [	compiled by GNU C version 7.5.0  GMP version 6.1.2  MPFR version 3.1.6  MPC version 1.0.3  isl version none]
  ignore line: [GGC heuristics: --param ggc-min-expand=100 --param ggc-min-heapsize=131072]
  ignore line: [ignoring duplicate directory "/home/grt/ls/reality/depends/rk3266/host/bin/../lib/gcc/../../lib/gcc/aarch64-rk3326-linux-gnu/10.3.0/../../../../aarch64-rk3326-linux-gnu/include/c++/10.3.0"]
  ignore line: [ignoring duplicate directory "/home/grt/ls/reality/depends/rk3266/host/bin/../lib/gcc/../../lib/gcc/aarch64-rk3326-linux-gnu/10.3.0/../../../../aarch64-rk3326-linux-gnu/include/c++/10.3.0/aarch64-rk3326-linux-gnu"]
  ignore line: [ignoring duplicate directory "/home/grt/ls/reality/depends/rk3266/host/bin/../lib/gcc/../../lib/gcc/aarch64-rk3326-linux-gnu/10.3.0/../../../../aarch64-rk3326-linux-gnu/include/c++/10.3.0/backward"]
  ignore line: [ignoring duplicate directory "/home/grt/ls/reality/depends/rk3266/host/bin/../lib/gcc/../../lib/gcc/aarch64-rk3326-linux-gnu/10.3.0/include"]
  ignore line: [ignoring nonexistent directory "/home/grt/ls/reality/depends/rk3266/common/../host/aarch64-rk3326-linux-gnu/sysroot/usr/local/include"]
  ignore line: [ignoring duplicate directory "/home/grt/ls/reality/depends/rk3266/host/bin/../lib/gcc/../../lib/gcc/aarch64-rk3326-linux-gnu/10.3.0/include-fixed"]
  ignore line: [ignoring duplicate directory "/home/grt/ls/reality/depends/rk3266/host/bin/../lib/gcc/../../lib/gcc/aarch64-rk3326-linux-gnu/10.3.0/../../../../aarch64-rk3326-linux-gnu/include"]
  ignore line: [#include "..." search starts here:]
  ignore line: [#include <...> search starts here:]
  ignore line: [ /home/grt/ls/reality/depends/rk3266/host/bin/../lib/gcc/aarch64-rk3326-linux-gnu/10.3.0/../../../../aarch64-rk3326-linux-gnu/include/c++/10.3.0]
  ignore line: [ /home/grt/ls/reality/depends/rk3266/host/bin/../lib/gcc/aarch64-rk3326-linux-gnu/10.3.0/../../../../aarch64-rk3326-linux-gnu/include/c++/10.3.0/aarch64-rk3326-linux-gnu]
  ignore line: [ /home/grt/ls/reality/depends/rk3266/host/bin/../lib/gcc/aarch64-rk3326-linux-gnu/10.3.0/../../../../aarch64-rk3326-linux-gnu/include/c++/10.3.0/backward]
  ignore line: [ /home/grt/ls/reality/depends/rk3266/host/bin/../lib/gcc/aarch64-rk3326-linux-gnu/10.3.0/include]
  ignore line: [ /home/grt/ls/reality/depends/rk3266/host/bin/../lib/gcc/aarch64-rk3326-linux-gnu/10.3.0/include-fixed]
  ignore line: [ /home/grt/ls/reality/depends/rk3266/host/bin/../lib/gcc/aarch64-rk3326-linux-gnu/10.3.0/../../../../aarch64-rk3326-linux-gnu/include]
  ignore line: [ /home/grt/ls/reality/depends/rk3266/common/../host/aarch64-rk3326-linux-gnu/sysroot/usr/include]
  ignore line: [End of search list.]
  ignore line: [GNU C++11 (Buildroot 2018.02-rc3-dirty) version 10.3.0 (aarch64-rk3326-linux-gnu)]
  ignore line: [	compiled by GNU C version 7.5.0  GMP version 6.1.2  MPFR version 3.1.6  MPC version 1.0.3  isl version none]
  ignore line: [GGC heuristics: --param ggc-min-expand=100 --param ggc-min-heapsize=131072]
  ignore line: [Compiler executable checksum: 9f6fd42ddb8afabd9fc439f0305c2695]
  ignore line: [COLLECT_GCC_OPTIONS='-v' '-O3' '-s' '-Wno-multichar' '-std=gnu++11' '-o' 'CMakeFiles/cmTC_437e0.dir/CMakeCXXCompilerABI.cpp.o' '-c' '-shared-libgcc' '-mcpu=cortex-a35' '-mlittle-endian' '-mabi=lp64']
  ignore line: [ /home/grt/ls/reality/depends/rk3266/host/bin/../lib/gcc/aarch64-rk3326-linux-gnu/10.3.0/../../../../aarch64-rk3326-linux-gnu/bin/as -v -EL -march=armv8-a+crc -mabi=lp64 -o CMakeFiles/cmTC_437e0.dir/CMakeCXXCompilerABI.cpp.o /tmp/ccDcxs23.s]
  ignore line: [GNU assembler version 2.36.1 (aarch64-rk3326-linux-gnu) using BFD version (GNU Binutils) 2.36.1]
  ignore line: [COMPILER_PATH=/home/grt/ls/reality/depends/rk3266/host/bin/../libexec/gcc/aarch64-rk3326-linux-gnu/10.3.0/:/home/grt/ls/reality/depends/rk3266/host/bin/../libexec/gcc/:/home/grt/ls/reality/depends/rk3266/host/bin/../lib/gcc/aarch64-rk3326-linux-gnu/10.3.0/../../../../aarch64-rk3326-linux-gnu/bin/]
  ignore line: [LIBRARY_PATH=/home/grt/ls/reality/depends/rk3266/host/bin/../lib/gcc/aarch64-rk3326-linux-gnu/10.3.0/:/home/grt/ls/reality/depends/rk3266/host/bin/../lib/gcc/:/home/grt/ls/reality/depends/rk3266/host/bin/../lib/gcc/aarch64-rk3326-linux-gnu/10.3.0/../../../../aarch64-rk3326-linux-gnu/lib/../lib64/:/home/grt/ls/reality/depends/rk3266/common/../host/aarch64-rk3326-linux-gnu/sysroot/lib/../lib64/:/home/grt/ls/reality/depends/rk3266/common/../host/aarch64-rk3326-linux-gnu/sysroot/usr/lib/../lib64/:/home/grt/ls/reality/depends/rk3266/host/bin/../lib/gcc/aarch64-rk3326-linux-gnu/10.3.0/../../../../aarch64-rk3326-linux-gnu/lib/:/home/grt/ls/reality/depends/rk3266/common/../host/aarch64-rk3326-linux-gnu/sysroot/lib/:/home/grt/ls/reality/depends/rk3266/common/../host/aarch64-rk3326-linux-gnu/sysroot/usr/lib/]
  ignore line: [COLLECT_GCC_OPTIONS='-v' '-O3' '-s' '-Wno-multichar' '-std=gnu++11' '-o' 'CMakeFiles/cmTC_437e0.dir/CMakeCXXCompilerABI.cpp.o' '-c' '-shared-libgcc' '-mcpu=cortex-a35' '-mlittle-endian' '-mabi=lp64']
  ignore line: [Linking CXX executable cmTC_437e0]
  ignore line: [/usr/bin/cmake -E cmake_link_script CMakeFiles/cmTC_437e0.dir/link.txt --verbose=1]
  ignore line: [/home/grt/ls/reality/depends/rk3266/host/bin/aarch64-linux-g++ --sysroot=/home/grt/ls/reality/depends/rk3266/common/../host/aarch64-rk3326-linux-gnu/sysroot      -v -rdynamic -Wl -rpath-link /home/grt/ls/reality/depends/rk3266/common/arm64/lib CMakeFiles/cmTC_437e0.dir/CMakeCXXCompilerABI.cpp.o  -o cmTC_437e0 ]
  ignore line: [Using built-in specs.]
  ignore line: [COLLECT_GCC=/home/grt/ls/reality/depends/rk3266/host/bin/aarch64-linux-g++.br_real]
  ignore line: [COLLECT_LTO_WRAPPER=/home/grt/ls/reality/depends/rk3266/host/bin/../libexec/gcc/aarch64-rk3326-linux-gnu/10.3.0/lto-wrapper]
  ignore line: [Target: aarch64-rk3326-linux-gnu]
  ignore line: [Configured with: ./configure --prefix=/home/grt/rockchip/rk3326/rk3326_linux/RK3326_Linux_SDK_RELEASE/3326/buildroot/output/rockchip_rk3326_robot64_no_gpu/host --sysconfdir=/home/grt/rockchip/rk3326/rk3326_linux/RK3326_Linux_SDK_RELEASE/3326/buildroot/output/rockchip_rk3326_robot64_no_gpu/host/etc --enable-static --target=aarch64-rk3326-linux-gnu --with-sysroot=/home/grt/rockchip/rk3326/rk3326_linux/RK3326_Linux_SDK_RELEASE/3326/buildroot/output/rockchip_rk3326_robot64_no_gpu/host/aarch64-rk3326-linux-gnu/sysroot --enable-__cxa_atexit --with-gnu-ld --disable-libssp --disable-multilib --disable-decimal-float --with-gmp=/home/grt/rockchip/rk3326/rk3326_linux/RK3326_Linux_SDK_RELEASE/3326/buildroot/output/rockchip_rk3326_robot64_no_gpu/host --with-mpc=/home/grt/rockchip/rk3326/rk3326_linux/RK3326_Linux_SDK_RELEASE/3326/buildroot/output/rockchip_rk3326_robot64_no_gpu/host --with-mpfr=/home/grt/rockchip/rk3326/rk3326_linux/RK3326_Linux_SDK_RELEASE/3326/buildroot/output/rockchip_rk3326_robot64_no_gpu/host --with-pkgversion='Buildroot 2018.02-rc3-dirty' --with-bugurl=http://bugs.buildroot.net/ --without-zstd --disable-libquadmath --disable-libquadmath-support --enable-tls --enable-threads --without-isl --without-cloog --with-abi=lp64 --with-cpu=cortex-a35 --enable-languages=c,c++,fortran --with-build-time-tools=/home/grt/rockchip/rk3326/rk3326_linux/RK3326_Linux_SDK_RELEASE/3326/buildroot/output/rockchip_rk3326_robot64_no_gpu/host/aarch64-rk3326-linux-gnu/bin --enable-shared --enable-libgomp]
  ignore line: [Thread model: posix]
  ignore line: [Supported LTO compression algorithms: zlib]
  ignore line: [gcc version 10.3.0 (Buildroot 2018.02-rc3-dirty) ]
  ignore line: [COMPILER_PATH=/home/grt/ls/reality/depends/rk3266/host/bin/../libexec/gcc/aarch64-rk3326-linux-gnu/10.3.0/:/home/grt/ls/reality/depends/rk3266/host/bin/../libexec/gcc/:/home/grt/ls/reality/depends/rk3266/host/bin/../lib/gcc/aarch64-rk3326-linux-gnu/10.3.0/../../../../aarch64-rk3326-linux-gnu/bin/]
  ignore line: [LIBRARY_PATH=/home/grt/ls/reality/depends/rk3266/host/bin/../lib/gcc/aarch64-rk3326-linux-gnu/10.3.0/:/home/grt/ls/reality/depends/rk3266/host/bin/../lib/gcc/:/home/grt/ls/reality/depends/rk3266/host/bin/../lib/gcc/aarch64-rk3326-linux-gnu/10.3.0/../../../../aarch64-rk3326-linux-gnu/lib/../lib64/:/home/grt/ls/reality/depends/rk3266/common/../host/aarch64-rk3326-linux-gnu/sysroot/lib/../lib64/:/home/grt/ls/reality/depends/rk3266/common/../host/aarch64-rk3326-linux-gnu/sysroot/usr/lib/../lib64/:/home/grt/ls/reality/depends/rk3266/host/bin/../lib/gcc/aarch64-rk3326-linux-gnu/10.3.0/../../../../aarch64-rk3326-linux-gnu/lib/:/home/grt/ls/reality/depends/rk3266/common/../host/aarch64-rk3326-linux-gnu/sysroot/lib/:/home/grt/ls/reality/depends/rk3266/common/../host/aarch64-rk3326-linux-gnu/sysroot/usr/lib/]
  ignore line: [COLLECT_GCC_OPTIONS='-v' '-rdynamic' '-o' 'cmTC_437e0' '-shared-libgcc' '-mcpu=cortex-a35' '-mlittle-endian' '-mabi=lp64']
  link line: [ /home/grt/ls/reality/depends/rk3266/host/bin/../libexec/gcc/aarch64-rk3326-linux-gnu/10.3.0/collect2 -plugin /home/grt/ls/reality/depends/rk3266/host/bin/../libexec/gcc/aarch64-rk3326-linux-gnu/10.3.0/liblto_plugin.so -plugin-opt=/home/grt/ls/reality/depends/rk3266/host/bin/../libexec/gcc/aarch64-rk3326-linux-gnu/10.3.0/lto-wrapper -plugin-opt=-fresolution=/tmp/ccafBbiS.res -plugin-opt=-pass-through=-lgcc_s -plugin-opt=-pass-through=-lgcc -plugin-opt=-pass-through=-lc -plugin-opt=-pass-through=-lgcc_s -plugin-opt=-pass-through=-lgcc --sysroot=/home/grt/ls/reality/depends/rk3266/common/../host/aarch64-rk3326-linux-gnu/sysroot --eh-frame-hdr -export-dynamic -dynamic-linker /lib/ld-linux-aarch64.so.1 -X -EL -maarch64linux -o cmTC_437e0 /home/grt/ls/reality/depends/rk3266/common/../host/aarch64-rk3326-linux-gnu/sysroot/usr/lib/../lib64/crt1.o /home/grt/ls/reality/depends/rk3266/common/../host/aarch64-rk3326-linux-gnu/sysroot/usr/lib/../lib64/crti.o /home/grt/ls/reality/depends/rk3266/host/bin/../lib/gcc/aarch64-rk3326-linux-gnu/10.3.0/crtbegin.o -L/home/grt/ls/reality/depends/rk3266/host/bin/../lib/gcc/aarch64-rk3326-linux-gnu/10.3.0 -L/home/grt/ls/reality/depends/rk3266/host/bin/../lib/gcc -L/home/grt/ls/reality/depends/rk3266/host/bin/../lib/gcc/aarch64-rk3326-linux-gnu/10.3.0/../../../../aarch64-rk3326-linux-gnu/lib/../lib64 -L/home/grt/ls/reality/depends/rk3266/common/../host/aarch64-rk3326-linux-gnu/sysroot/lib/../lib64 -L/home/grt/ls/reality/depends/rk3266/common/../host/aarch64-rk3326-linux-gnu/sysroot/usr/lib/../lib64 -L/home/grt/ls/reality/depends/rk3266/host/bin/../lib/gcc/aarch64-rk3326-linux-gnu/10.3.0/../../../../aarch64-rk3326-linux-gnu/lib -L/home/grt/ls/reality/depends/rk3266/common/../host/aarch64-rk3326-linux-gnu/sysroot/lib -L/home/grt/ls/reality/depends/rk3266/common/../host/aarch64-rk3326-linux-gnu/sysroot/usr/lib -rpath-link /home/grt/ls/reality/depends/rk3266/common/arm64/lib CMakeFiles/cmTC_437e0.dir/CMakeCXXCompilerABI.cpp.o -lstdc++ -lm -lgcc_s -lgcc -lc -lgcc_s -lgcc /home/grt/ls/reality/depends/rk3266/host/bin/../lib/gcc/aarch64-rk3326-linux-gnu/10.3.0/crtend.o /home/grt/ls/reality/depends/rk3266/common/../host/aarch64-rk3326-linux-gnu/sysroot/usr/lib/../lib64/crtn.o]
    arg [/home/grt/ls/reality/depends/rk3266/host/bin/../libexec/gcc/aarch64-rk3326-linux-gnu/10.3.0/collect2] ==> ignore
    arg [-plugin] ==> ignore
    arg [/home/grt/ls/reality/depends/rk3266/host/bin/../libexec/gcc/aarch64-rk3326-linux-gnu/10.3.0/liblto_plugin.so] ==> ignore
    arg [-plugin-opt=/home/grt/ls/reality/depends/rk3266/host/bin/../libexec/gcc/aarch64-rk3326-linux-gnu/10.3.0/lto-wrapper] ==> ignore
    arg [-plugin-opt=-fresolution=/tmp/ccafBbiS.res] ==> ignore
    arg [-plugin-opt=-pass-through=-lgcc_s] ==> ignore
    arg [-plugin-opt=-pass-through=-lgcc] ==> ignore
    arg [-plugin-opt=-pass-through=-lc] ==> ignore
    arg [-plugin-opt=-pass-through=-lgcc_s] ==> ignore
    arg [-plugin-opt=-pass-through=-lgcc] ==> ignore
    arg [--sysroot=/home/grt/ls/reality/depends/rk3266/common/../host/aarch64-rk3326-linux-gnu/sysroot] ==> ignore
    arg [--eh-frame-hdr] ==> ignore
    arg [-export-dynamic] ==> ignore
    arg [-dynamic-linker] ==> ignore
    arg [/lib/ld-linux-aarch64.so.1] ==> ignore
    arg [-X] ==> ignore
    arg [-EL] ==> ignore
    arg [-maarch64linux] ==> ignore
    arg [-o] ==> ignore
    arg [cmTC_437e0] ==> ignore
    arg [/home/grt/ls/reality/depends/rk3266/common/../host/aarch64-rk3326-linux-gnu/sysroot/usr/lib/../lib64/crt1.o] ==> ignore
    arg [/home/grt/ls/reality/depends/rk3266/common/../host/aarch64-rk3326-linux-gnu/sysroot/usr/lib/../lib64/crti.o] ==> ignore
    arg [/home/grt/ls/reality/depends/rk3266/host/bin/../lib/gcc/aarch64-rk3326-linux-gnu/10.3.0/crtbegin.o] ==> ignore
    arg [-L/home/grt/ls/reality/depends/rk3266/host/bin/../lib/gcc/aarch64-rk3326-linux-gnu/10.3.0] ==> dir [/home/grt/ls/reality/depends/rk3266/host/bin/../lib/gcc/aarch64-rk3326-linux-gnu/10.3.0]
    arg [-L/home/grt/ls/reality/depends/rk3266/host/bin/../lib/gcc] ==> dir [/home/grt/ls/reality/depends/rk3266/host/bin/../lib/gcc]
    arg [-L/home/grt/ls/reality/depends/rk3266/host/bin/../lib/gcc/aarch64-rk3326-linux-gnu/10.3.0/../../../../aarch64-rk3326-linux-gnu/lib/../lib64] ==> dir [/home/grt/ls/reality/depends/rk3266/host/bin/../lib/gcc/aarch64-rk3326-linux-gnu/10.3.0/../../../../aarch64-rk3326-linux-gnu/lib/../lib64]
    arg [-L/home/grt/ls/reality/depends/rk3266/common/../host/aarch64-rk3326-linux-gnu/sysroot/lib/../lib64] ==> dir [/home/grt/ls/reality/depends/rk3266/common/../host/aarch64-rk3326-linux-gnu/sysroot/lib/../lib64]
    arg [-L/home/grt/ls/reality/depends/rk3266/common/../host/aarch64-rk3326-linux-gnu/sysroot/usr/lib/../lib64] ==> dir [/home/grt/ls/reality/depends/rk3266/common/../host/aarch64-rk3326-linux-gnu/sysroot/usr/lib/../lib64]
    arg [-L/home/grt/ls/reality/depends/rk3266/host/bin/../lib/gcc/aarch64-rk3326-linux-gnu/10.3.0/../../../../aarch64-rk3326-linux-gnu/lib] ==> dir [/home/grt/ls/reality/depends/rk3266/host/bin/../lib/gcc/aarch64-rk3326-linux-gnu/10.3.0/../../../../aarch64-rk3326-linux-gnu/lib]
    arg [-L/home/grt/ls/reality/depends/rk3266/common/../host/aarch64-rk3326-linux-gnu/sysroot/lib] ==> dir [/home/grt/ls/reality/depends/rk3266/common/../host/aarch64-rk3326-linux-gnu/sysroot/lib]
    arg [-L/home/grt/ls/reality/depends/rk3266/common/../host/aarch64-rk3326-linux-gnu/sysroot/usr/lib] ==> dir [/home/grt/ls/reality/depends/rk3266/common/../host/aarch64-rk3326-linux-gnu/sysroot/usr/lib]
    arg [-rpath-link] ==> ignore
    arg [/home/grt/ls/reality/depends/rk3266/common/arm64/lib] ==> ignore
    arg [CMakeFiles/cmTC_437e0.dir/CMakeCXXCompilerABI.cpp.o] ==> ignore
    arg [-lstdc++] ==> lib [stdc++]
    arg [-lm] ==> lib [m]
    arg [-lgcc_s] ==> lib [gcc_s]
    arg [-lgcc] ==> lib [gcc]
    arg [-lc] ==> lib [c]
    arg [-lgcc_s] ==> lib [gcc_s]
    arg [-lgcc] ==> lib [gcc]
    arg [/home/grt/ls/reality/depends/rk3266/host/bin/../lib/gcc/aarch64-rk3326-linux-gnu/10.3.0/crtend.o] ==> ignore
    arg [/home/grt/ls/reality/depends/rk3266/common/../host/aarch64-rk3326-linux-gnu/sysroot/usr/lib/../lib64/crtn.o] ==> ignore
  collapse library dir [/home/grt/ls/reality/depends/rk3266/host/bin/../lib/gcc/aarch64-rk3326-linux-gnu/10.3.0] ==> [/home/grt/ls/reality/depends/rk3266/host/lib/gcc/aarch64-rk3326-linux-gnu/10.3.0]
  collapse library dir [/home/grt/ls/reality/depends/rk3266/host/bin/../lib/gcc] ==> [/home/grt/ls/reality/depends/rk3266/host/lib/gcc]
  collapse library dir [/home/grt/ls/reality/depends/rk3266/host/bin/../lib/gcc/aarch64-rk3326-linux-gnu/10.3.0/../../../../aarch64-rk3326-linux-gnu/lib/../lib64] ==> [/home/grt/ls/reality/depends/rk3266/host/aarch64-rk3326-linux-gnu/lib64]
  collapse library dir [/home/grt/ls/reality/depends/rk3266/common/../host/aarch64-rk3326-linux-gnu/sysroot/lib/../lib64] ==> [/home/grt/ls/reality/depends/rk3266/host/aarch64-rk3326-linux-gnu/sysroot/lib64]
  collapse library dir [/home/grt/ls/reality/depends/rk3266/common/../host/aarch64-rk3326-linux-gnu/sysroot/usr/lib/../lib64] ==> [/home/grt/ls/reality/depends/rk3266/host/aarch64-rk3326-linux-gnu/sysroot/usr/lib64]
  collapse library dir [/home/grt/ls/reality/depends/rk3266/host/bin/../lib/gcc/aarch64-rk3326-linux-gnu/10.3.0/../../../../aarch64-rk3326-linux-gnu/lib] ==> [/home/grt/ls/reality/depends/rk3266/host/aarch64-rk3326-linux-gnu/lib]
  collapse library dir [/home/grt/ls/reality/depends/rk3266/common/../host/aarch64-rk3326-linux-gnu/sysroot/lib] ==> [/home/grt/ls/reality/depends/rk3266/host/aarch64-rk3326-linux-gnu/sysroot/lib]
  collapse library dir [/home/grt/ls/reality/depends/rk3266/common/../host/aarch64-rk3326-linux-gnu/sysroot/usr/lib] ==> [/home/grt/ls/reality/depends/rk3266/host/aarch64-rk3326-linux-gnu/sysroot/usr/lib]
  implicit libs: [stdc++;m;gcc_s;gcc;c;gcc_s;gcc]
  implicit dirs: [/home/grt/ls/reality/depends/rk3266/host/lib/gcc/aarch64-rk3326-linux-gnu/10.3.0;/home/grt/ls/reality/depends/rk3266/host/lib/gcc;/home/grt/ls/reality/depends/rk3266/host/aarch64-rk3326-linux-gnu/lib64;/home/grt/ls/reality/depends/rk3266/host/aarch64-rk3326-linux-gnu/sysroot/lib64;/home/grt/ls/reality/depends/rk3266/host/aarch64-rk3326-linux-gnu/sysroot/usr/lib64;/home/grt/ls/reality/depends/rk3266/host/aarch64-rk3326-linux-gnu/lib;/home/grt/ls/reality/depends/rk3266/host/aarch64-rk3326-linux-gnu/sysroot/lib;/home/grt/ls/reality/depends/rk3266/host/aarch64-rk3326-linux-gnu/sysroot/usr/lib]
  implicit fwks: []


Determining if the include file pthread.h exists passed with the following output:
Change Dir: /home/grt/ls/reality/depends/xdsrc/tuya/arm_app/build_rk3326/CMakeFiles/CMakeTmp

Run Build Command(s):/usr/bin/make cmTC_cae33/fast && /usr/bin/make -f CMakeFiles/cmTC_cae33.dir/build.make CMakeFiles/cmTC_cae33.dir/build
make[1]: Entering directory '/home/grt/ls/reality/depends/xdsrc/tuya/arm_app/build_rk3326/CMakeFiles/CMakeTmp'
Building C object CMakeFiles/cmTC_cae33.dir/CheckIncludeFile.c.o
/home/grt/ls/reality/depends/rk3266/host/bin/aarch64-linux-gcc --sysroot=/home/grt/ls/reality/depends/rk3266/common/../host/aarch64-rk3326-linux-gnu/sysroot   -O3 -s -Wno-multichar -o CMakeFiles/cmTC_cae33.dir/CheckIncludeFile.c.o   -c /home/grt/ls/reality/depends/xdsrc/tuya/arm_app/build_rk3326/CMakeFiles/CMakeTmp/CheckIncludeFile.c
Linking C executable cmTC_cae33
/usr/bin/cmake -E cmake_link_script CMakeFiles/cmTC_cae33.dir/link.txt --verbose=1
/home/grt/ls/reality/depends/rk3266/host/bin/aarch64-linux-gcc --sysroot=/home/grt/ls/reality/depends/rk3266/common/../host/aarch64-rk3326-linux-gnu/sysroot      -rdynamic -Wl,-rpath-link,/home/grt/ls/reality/depends/rk3266/common/arm64/lib CMakeFiles/cmTC_cae33.dir/CheckIncludeFile.c.o  -o cmTC_cae33 
make[1]: Leaving directory '/home/grt/ls/reality/depends/xdsrc/tuya/arm_app/build_rk3326/CMakeFiles/CMakeTmp'



Determining if the function pthread_create exists in the pthread passed with the following output:
Change Dir: /home/grt/ls/reality/depends/xdsrc/tuya/arm_app/build_rk3326/CMakeFiles/CMakeTmp

Run Build Command(s):/usr/bin/make cmTC_0ba5b/fast && /usr/bin/make -f CMakeFiles/cmTC_0ba5b.dir/build.make CMakeFiles/cmTC_0ba5b.dir/build
make[1]: Entering directory '/home/grt/ls/reality/depends/xdsrc/tuya/arm_app/build_rk3326/CMakeFiles/CMakeTmp'
Building C object CMakeFiles/cmTC_0ba5b.dir/CheckFunctionExists.c.o
/home/grt/ls/reality/depends/rk3266/host/bin/aarch64-linux-gcc --sysroot=/home/grt/ls/reality/depends/rk3266/common/../host/aarch64-rk3326-linux-gnu/sysroot   -DCHECK_FUNCTION_EXISTS=pthread_create   -O3 -s -Wno-multichar -o CMakeFiles/cmTC_0ba5b.dir/CheckFunctionExists.c.o   -c /usr/share/cmake-3.16/Modules/CheckFunctionExists.c
Linking C executable cmTC_0ba5b
/usr/bin/cmake -E cmake_link_script CMakeFiles/cmTC_0ba5b.dir/link.txt --verbose=1
/home/grt/ls/reality/depends/rk3266/host/bin/aarch64-linux-gcc --sysroot=/home/grt/ls/reality/depends/rk3266/common/../host/aarch64-rk3326-linux-gnu/sysroot  -DCHECK_FUNCTION_EXISTS=pthread_create    -rdynamic -Wl,-rpath-link,/home/grt/ls/reality/depends/rk3266/common/arm64/lib CMakeFiles/cmTC_0ba5b.dir/CheckFunctionExists.c.o  -o cmTC_0ba5b  -lpthread 
make[1]: Leaving directory '/home/grt/ls/reality/depends/xdsrc/tuya/arm_app/build_rk3326/CMakeFiles/CMakeTmp'



